;  LST file generated by mikroListExporter - v.2.0 
; Date/Time: 1/26/2016 9:55:04 AM
;----------------------------------------------

;Address Opcode 	ASM
0x0000	0x2AA8      	GOTO       680
_Delay_1us:
;__Lib_Delays.c,7 :: 		void Delay_1us() {
;__Lib_Delays.c,8 :: 		Delay_us(1);
0x0003	0x0000      	NOP
0x0004	0x0000      	NOP
;__Lib_Delays.c,9 :: 		}
L_end_Delay_1us:
0x0005	0x0008      	RETURN
; end of _Delay_1us
_Delay_50us:
;__Lib_Delays.c,19 :: 		void Delay_50us() {
;__Lib_Delays.c,20 :: 		Delay_us(50);
0x0006	0x3021      	MOVLW      33
0x0007	0x1283      	BCF        STATUS, 5
0x0008	0x1303      	BCF        STATUS, 6
0x0009	0x00FD      	MOVWF      R13
L_Delay_50us2:
0x000A	0x0BFD      	DECFSZ     R13, 1
0x000B	0x280A      	GOTO       L_Delay_50us2
;__Lib_Delays.c,21 :: 		}
L_end_Delay_50us:
0x000C	0x0008      	RETURN
; end of _Delay_50us
_Delay_5500us:
;__Lib_Delays.c,31 :: 		void Delay_5500us() {
;__Lib_Delays.c,32 :: 		Delay_us(5500);
0x000D	0x300F      	MOVLW      15
0x000E	0x1283      	BCF        STATUS, 5
0x000F	0x1303      	BCF        STATUS, 6
0x0010	0x00FC      	MOVWF      R12
0x0011	0x3047      	MOVLW      71
0x0012	0x00FD      	MOVWF      R13
L_Delay_5500us5:
0x0013	0x0BFD      	DECFSZ     R13, 1
0x0014	0x2813      	GOTO       L_Delay_5500us5
0x0015	0x0BFC      	DECFSZ     R12, 1
0x0016	0x2813      	GOTO       L_Delay_5500us5
0x0017	0x0000      	NOP
0x0018	0x0000      	NOP
;__Lib_Delays.c,33 :: 		}
L_end_Delay_5500us:
0x0019	0x0008      	RETURN
; end of _Delay_5500us
_Lcd_Cmd:
;__Lib_Lcd.c,18 :: 		
;__Lib_Lcd.c,20 :: 		
0x001A	0x1683      	BSF        STATUS, 5
0x001B	0x1303      	BCF        STATUS, 6
0x001C	0x1BDA      	BTFSC      FARG_Lcd_Cmd_out_char, 7
0x001D	0x2821      	GOTO       L__Lcd_Cmd21
0x001E	0x1283      	BCF        STATUS, 5
0x001F	0x1185      	BCF        LCD_D7, BitPos(LCD_D7+0)
0x0020	0x2823      	GOTO       L__Lcd_Cmd22
L__Lcd_Cmd21:
0x0021	0x1283      	BCF        STATUS, 5
0x0022	0x1585      	BSF        LCD_D7, BitPos(LCD_D7+0)
L__Lcd_Cmd22:
;__Lib_Lcd.c,21 :: 		
0x0023	0x1683      	BSF        STATUS, 5
0x0024	0x1B5A      	BTFSC      FARG_Lcd_Cmd_out_char, 6
0x0025	0x2829      	GOTO       L__Lcd_Cmd23
0x0026	0x1283      	BCF        STATUS, 5
0x0027	0x1105      	BCF        LCD_D6, BitPos(LCD_D6+0)
0x0028	0x282B      	GOTO       L__Lcd_Cmd24
L__Lcd_Cmd23:
0x0029	0x1283      	BCF        STATUS, 5
0x002A	0x1505      	BSF        LCD_D6, BitPos(LCD_D6+0)
L__Lcd_Cmd24:
;__Lib_Lcd.c,22 :: 		
0x002B	0x1683      	BSF        STATUS, 5
0x002C	0x1ADA      	BTFSC      FARG_Lcd_Cmd_out_char, 5
0x002D	0x2831      	GOTO       L__Lcd_Cmd25
0x002E	0x1283      	BCF        STATUS, 5
0x002F	0x1085      	BCF        LCD_D5, BitPos(LCD_D5+0)
0x0030	0x2833      	GOTO       L__Lcd_Cmd26
L__Lcd_Cmd25:
0x0031	0x1283      	BCF        STATUS, 5
0x0032	0x1485      	BSF        LCD_D5, BitPos(LCD_D5+0)
L__Lcd_Cmd26:
;__Lib_Lcd.c,23 :: 		
0x0033	0x1683      	BSF        STATUS, 5
0x0034	0x1A5A      	BTFSC      FARG_Lcd_Cmd_out_char, 4
0x0035	0x2839      	GOTO       L__Lcd_Cmd27
0x0036	0x1283      	BCF        STATUS, 5
0x0037	0x1005      	BCF        LCD_D4, BitPos(LCD_D4+0)
0x0038	0x283B      	GOTO       L__Lcd_Cmd28
L__Lcd_Cmd27:
0x0039	0x1283      	BCF        STATUS, 5
0x003A	0x1405      	BSF        LCD_D4, BitPos(LCD_D4+0)
L__Lcd_Cmd28:
;__Lib_Lcd.c,25 :: 		
0x003B	0x186F      	BTFSC      __Lib_Lcd_cmd_status, BitPos(__Lib_Lcd_cmd_status+0)
0x003C	0x283F      	GOTO       L__Lcd_Cmd29
0x003D	0x1605      	BSF        LCD_RS, BitPos(LCD_RS+0)
0x003E	0x2840      	GOTO       L__Lcd_Cmd30
L__Lcd_Cmd29:
0x003F	0x1205      	BCF        LCD_RS, BitPos(LCD_RS+0)
L__Lcd_Cmd30:
;__Lib_Lcd.c,28 :: 		
0x0040	0x1685      	BSF        LCD_EN, BitPos(LCD_EN+0)
;__Lib_Lcd.c,29 :: 		
0x0041	0x2003      	CALL       _Delay_1us
;__Lib_Lcd.c,30 :: 		
0x0042	0x1285      	BCF        LCD_EN, BitPos(LCD_EN+0)
;__Lib_Lcd.c,33 :: 		
0x0043	0x1683      	BSF        STATUS, 5
0x0044	0x19DA      	BTFSC      FARG_Lcd_Cmd_out_char, 3
0x0045	0x2849      	GOTO       L__Lcd_Cmd31
0x0046	0x1283      	BCF        STATUS, 5
0x0047	0x1185      	BCF        LCD_D7, BitPos(LCD_D7+0)
0x0048	0x284B      	GOTO       L__Lcd_Cmd32
L__Lcd_Cmd31:
0x0049	0x1283      	BCF        STATUS, 5
0x004A	0x1585      	BSF        LCD_D7, BitPos(LCD_D7+0)
L__Lcd_Cmd32:
;__Lib_Lcd.c,34 :: 		
0x004B	0x1683      	BSF        STATUS, 5
0x004C	0x195A      	BTFSC      FARG_Lcd_Cmd_out_char, 2
0x004D	0x2851      	GOTO       L__Lcd_Cmd33
0x004E	0x1283      	BCF        STATUS, 5
0x004F	0x1105      	BCF        LCD_D6, BitPos(LCD_D6+0)
0x0050	0x2853      	GOTO       L__Lcd_Cmd34
L__Lcd_Cmd33:
0x0051	0x1283      	BCF        STATUS, 5
0x0052	0x1505      	BSF        LCD_D6, BitPos(LCD_D6+0)
L__Lcd_Cmd34:
;__Lib_Lcd.c,35 :: 		
0x0053	0x1683      	BSF        STATUS, 5
0x0054	0x18DA      	BTFSC      FARG_Lcd_Cmd_out_char, 1
0x0055	0x2859      	GOTO       L__Lcd_Cmd35
0x0056	0x1283      	BCF        STATUS, 5
0x0057	0x1085      	BCF        LCD_D5, BitPos(LCD_D5+0)
0x0058	0x285B      	GOTO       L__Lcd_Cmd36
L__Lcd_Cmd35:
0x0059	0x1283      	BCF        STATUS, 5
0x005A	0x1485      	BSF        LCD_D5, BitPos(LCD_D5+0)
L__Lcd_Cmd36:
;__Lib_Lcd.c,36 :: 		
0x005B	0x1683      	BSF        STATUS, 5
0x005C	0x185A      	BTFSC      FARG_Lcd_Cmd_out_char, 0
0x005D	0x2861      	GOTO       L__Lcd_Cmd37
0x005E	0x1283      	BCF        STATUS, 5
0x005F	0x1005      	BCF        LCD_D4, BitPos(LCD_D4+0)
0x0060	0x2863      	GOTO       L__Lcd_Cmd38
L__Lcd_Cmd37:
0x0061	0x1283      	BCF        STATUS, 5
0x0062	0x1405      	BSF        LCD_D4, BitPos(LCD_D4+0)
L__Lcd_Cmd38:
;__Lib_Lcd.c,38 :: 		
0x0063	0x186F      	BTFSC      __Lib_Lcd_cmd_status, BitPos(__Lib_Lcd_cmd_status+0)
0x0064	0x2867      	GOTO       L__Lcd_Cmd39
0x0065	0x1605      	BSF        LCD_RS, BitPos(LCD_RS+0)
0x0066	0x2868      	GOTO       L__Lcd_Cmd40
L__Lcd_Cmd39:
0x0067	0x1205      	BCF        LCD_RS, BitPos(LCD_RS+0)
L__Lcd_Cmd40:
;__Lib_Lcd.c,40 :: 		
0x0068	0x1685      	BSF        LCD_EN, BitPos(LCD_EN+0)
;__Lib_Lcd.c,41 :: 		
0x0069	0x2003      	CALL       _Delay_1us
;__Lib_Lcd.c,42 :: 		
0x006A	0x1285      	BCF        LCD_EN, BitPos(LCD_EN+0)
;__Lib_Lcd.c,44 :: 		
0x006B	0x1C6F      	BTFSS      __Lib_Lcd_cmd_status, BitPos(__Lib_Lcd_cmd_status+0)
0x006C	0x286F      	GOTO       L_Lcd_Cmd0
;__Lib_Lcd.c,45 :: 		
0x006D	0x200D      	CALL       _Delay_5500us
0x006E	0x2870      	GOTO       L_Lcd_Cmd1
L_Lcd_Cmd0:
;__Lib_Lcd.c,47 :: 		
0x006F	0x2006      	CALL       _Delay_50us
L_Lcd_Cmd1:
;__Lib_Lcd.c,48 :: 		
L_end_Lcd_Cmd:
0x0070	0x0008      	RETURN
; end of _Lcd_Cmd
_Lcd_Chr_CP:
;__Lib_Lcd.c,50 :: 		
;__Lib_Lcd.c,52 :: 		
0x0071	0x1283      	BCF        STATUS, 5
0x0072	0x1303      	BCF        STATUS, 6
0x0073	0x106F      	BCF        __Lib_Lcd_cmd_status, BitPos(__Lib_Lcd_cmd_status+0)
;__Lib_Lcd.c,53 :: 		
0x0074	0x1683      	BSF        STATUS, 5
0x0075	0x0855      	MOVF       FARG_Lcd_Chr_CP_out_char, 0
0x0076	0x00DA      	MOVWF      FARG_Lcd_Cmd_out_char
0x0077	0x201A      	CALL       _Lcd_Cmd
;__Lib_Lcd.c,54 :: 		
0x0078	0x146F      	BSF        __Lib_Lcd_cmd_status, BitPos(__Lib_Lcd_cmd_status+0)
;__Lib_Lcd.c,55 :: 		
L_end_Lcd_Chr_CP:
0x0079	0x0008      	RETURN
; end of _Lcd_Chr_CP
_Mul_8x8_U:
;__Lib_Math.c,103 :: 		
;__Lib_Math.c,108 :: 		
0x007A	0x1283      	BCF        STATUS, 5
;__Lib_Math.c,109 :: 		
0x007B	0x1303      	BCF        STATUS, 6
;__Lib_Math.c,110 :: 		
0x007C	0x0870      	MOVF       R0, 0
;__Lib_Math.c,111 :: 		
0x007D	0x00F1      	MOVWF      R1
;__Lib_Math.c,112 :: 		
0x007E	0x01F0      	CLRF       R0
;__Lib_Math.c,113 :: 		
0x007F	0x3008      	MOVLW      8
;__Lib_Math.c,114 :: 		
0x0080	0x00FC      	MOVWF      R12
;__Lib_Math.c,115 :: 		
0x0081	0x0871      	MOVF       R1, 0
;__Lib_Math.c,116 :: 		
0x0082	0x0CF4      	RRF        R4, 1
;__Lib_Math.c,117 :: 		
0x0083	0x1803      	BTFSC      STATUS, 0
;__Lib_Math.c,118 :: 		
0x0084	0x2889      	GOTO       $+5
;__Lib_Math.c,119 :: 		
0x0085	0x0BFC      	DECFSZ     R12, 1
;__Lib_Math.c,120 :: 		
0x0086	0x2882      	GOTO       $-4
;__Lib_Math.c,121 :: 		
0x0087	0x01F1      	CLRF       R1
;__Lib_Math.c,122 :: 		
0x0088	0x3400      	RETLW      0
;__Lib_Math.c,123 :: 		
0x0089	0x1003      	BCF        STATUS, 0
;__Lib_Math.c,124 :: 		
0x008A	0x288E      	GOTO       $+4
;__Lib_Math.c,125 :: 		
0x008B	0x0CF4      	RRF        R4, 1
;__Lib_Math.c,126 :: 		
0x008C	0x1803      	BTFSC      STATUS, 0
;__Lib_Math.c,127 :: 		
0x008D	0x07F1      	ADDWF      R1, 1
;__Lib_Math.c,128 :: 		
0x008E	0x0CF1      	RRF        R1, 1
;__Lib_Math.c,129 :: 		
0x008F	0x0CF0      	RRF        R0, 1
;__Lib_Math.c,130 :: 		
0x0090	0x0BFC      	DECFSZ     R12, 1
;__Lib_Math.c,131 :: 		
0x0091	0x288B      	GOTO       $-6
;__Lib_Math.c,133 :: 		
;__Lib_Math.c,134 :: 		
L_end_Mul_8x8_U:
0x0092	0x0008      	RETURN
; end of _Mul_8x8_U
_Keypad_Init:
;__Lib_Keypad4x4.c,33 :: 		
;__Lib_Keypad4x4.c,34 :: 		
0x0093	0x30FF      	MOVLW      255
0x0094	0x1683      	BSF        STATUS, 5
0x0095	0x1303      	BCF        STATUS, 6
0x0096	0x0088      	MOVWF      keypadPort+128
;__Lib_Keypad4x4.c,35 :: 		
L_end_Keypad_Init:
0x0097	0x0008      	RETURN
; end of _Keypad_Init
_Lcd_Init:
;__Lib_Lcd.c,84 :: 		
;__Lib_Lcd.c,86 :: 		
0x0098	0x1683      	BSF        STATUS, 5
0x0099	0x1303      	BCF        STATUS, 6
0x009A	0x1285      	BCF        LCD_EN_Direction, BitPos(LCD_EN_Direction+0)
;__Lib_Lcd.c,87 :: 		
0x009B	0x1205      	BCF        LCD_RS_Direction, BitPos(LCD_RS_Direction+0)
;__Lib_Lcd.c,88 :: 		
0x009C	0x1005      	BCF        LCD_D4_Direction, BitPos(LCD_D4_Direction+0)
;__Lib_Lcd.c,89 :: 		
0x009D	0x1085      	BCF        LCD_D5_Direction, BitPos(LCD_D5_Direction+0)
;__Lib_Lcd.c,90 :: 		
0x009E	0x1105      	BCF        LCD_D6_Direction, BitPos(LCD_D6_Direction+0)
;__Lib_Lcd.c,91 :: 		
0x009F	0x1185      	BCF        LCD_D7_Direction, BitPos(LCD_D7_Direction+0)
;__Lib_Lcd.c,93 :: 		
0x00A0	0x1283      	BCF        STATUS, 5
0x00A1	0x1285      	BCF        LCD_EN, BitPos(LCD_EN+0)
;__Lib_Lcd.c,94 :: 		
0x00A2	0x1205      	BCF        LCD_RS, BitPos(LCD_RS+0)
;__Lib_Lcd.c,95 :: 		
0x00A3	0x1185      	BCF        LCD_D7, BitPos(LCD_D7+0)
;__Lib_Lcd.c,96 :: 		
0x00A4	0x1105      	BCF        LCD_D6, BitPos(LCD_D6+0)
;__Lib_Lcd.c,97 :: 		
0x00A5	0x1085      	BCF        LCD_D5, BitPos(LCD_D5+0)
;__Lib_Lcd.c,98 :: 		
0x00A6	0x1005      	BCF        LCD_D4, BitPos(LCD_D4+0)
;__Lib_Lcd.c,100 :: 		
0x00A7	0x200D      	CALL       _Delay_5500us
;__Lib_Lcd.c,101 :: 		
0x00A8	0x200D      	CALL       _Delay_5500us
;__Lib_Lcd.c,102 :: 		
0x00A9	0x200D      	CALL       _Delay_5500us
;__Lib_Lcd.c,105 :: 		
0x00AA	0x1485      	BSF        LCD_D5, BitPos(LCD_D5+0)
;__Lib_Lcd.c,106 :: 		
0x00AB	0x1405      	BSF        LCD_D4, BitPos(LCD_D4+0)
;__Lib_Lcd.c,107 :: 		
0x00AC	0x1685      	BSF        LCD_EN, BitPos(LCD_EN+0)
;__Lib_Lcd.c,108 :: 		
0x00AD	0x2003      	CALL       _Delay_1us
;__Lib_Lcd.c,109 :: 		
0x00AE	0x1285      	BCF        LCD_EN, BitPos(LCD_EN+0)
;__Lib_Lcd.c,110 :: 		
0x00AF	0x200D      	CALL       _Delay_5500us
;__Lib_Lcd.c,112 :: 		
0x00B0	0x1685      	BSF        LCD_EN, BitPos(LCD_EN+0)
;__Lib_Lcd.c,113 :: 		
0x00B1	0x2003      	CALL       _Delay_1us
;__Lib_Lcd.c,114 :: 		
0x00B2	0x1285      	BCF        LCD_EN, BitPos(LCD_EN+0)
;__Lib_Lcd.c,115 :: 		
0x00B3	0x200D      	CALL       _Delay_5500us
;__Lib_Lcd.c,117 :: 		
0x00B4	0x1685      	BSF        LCD_EN, BitPos(LCD_EN+0)
;__Lib_Lcd.c,118 :: 		
0x00B5	0x2003      	CALL       _Delay_1us
;__Lib_Lcd.c,119 :: 		
0x00B6	0x1285      	BCF        LCD_EN, BitPos(LCD_EN+0)
;__Lib_Lcd.c,120 :: 		
0x00B7	0x200D      	CALL       _Delay_5500us
;__Lib_Lcd.c,123 :: 		
0x00B8	0x1005      	BCF        LCD_D4, BitPos(LCD_D4+0)
;__Lib_Lcd.c,124 :: 		
0x00B9	0x1685      	BSF        LCD_EN, BitPos(LCD_EN+0)
;__Lib_Lcd.c,125 :: 		
0x00BA	0x2003      	CALL       _Delay_1us
;__Lib_Lcd.c,126 :: 		
0x00BB	0x1285      	BCF        LCD_EN, BitPos(LCD_EN+0)
;__Lib_Lcd.c,127 :: 		
0x00BC	0x200D      	CALL       _Delay_5500us
;__Lib_Lcd.c,130 :: 		
0x00BD	0x1685      	BSF        LCD_EN, BitPos(LCD_EN+0)
;__Lib_Lcd.c,131 :: 		
0x00BE	0x2003      	CALL       _Delay_1us
;__Lib_Lcd.c,132 :: 		
0x00BF	0x1285      	BCF        LCD_EN, BitPos(LCD_EN+0)
;__Lib_Lcd.c,134 :: 		
0x00C0	0x1085      	BCF        LCD_D5, BitPos(LCD_D5+0)
;__Lib_Lcd.c,135 :: 		
0x00C1	0x1585      	BSF        LCD_D7, BitPos(LCD_D7+0)
;__Lib_Lcd.c,136 :: 		
0x00C2	0x1685      	BSF        LCD_EN, BitPos(LCD_EN+0)
;__Lib_Lcd.c,137 :: 		
0x00C3	0x2003      	CALL       _Delay_1us
;__Lib_Lcd.c,138 :: 		
0x00C4	0x1285      	BCF        LCD_EN, BitPos(LCD_EN+0)
;__Lib_Lcd.c,139 :: 		
0x00C5	0x200D      	CALL       _Delay_5500us
;__Lib_Lcd.c,142 :: 		
0x00C6	0x1185      	BCF        LCD_D7, BitPos(LCD_D7+0)
;__Lib_Lcd.c,143 :: 		
0x00C7	0x1405      	BSF        LCD_D4, BitPos(LCD_D4+0)
;__Lib_Lcd.c,144 :: 		
0x00C8	0x1685      	BSF        LCD_EN, BitPos(LCD_EN+0)
;__Lib_Lcd.c,145 :: 		
0x00C9	0x2003      	CALL       _Delay_1us
;__Lib_Lcd.c,146 :: 		
0x00CA	0x1285      	BCF        LCD_EN, BitPos(LCD_EN+0)
;__Lib_Lcd.c,148 :: 		
0x00CB	0x1005      	BCF        LCD_D4, BitPos(LCD_D4+0)
;__Lib_Lcd.c,149 :: 		
0x00CC	0x1685      	BSF        LCD_EN, BitPos(LCD_EN+0)
;__Lib_Lcd.c,150 :: 		
0x00CD	0x2003      	CALL       _Delay_1us
;__Lib_Lcd.c,151 :: 		
0x00CE	0x1285      	BCF        LCD_EN, BitPos(LCD_EN+0)
;__Lib_Lcd.c,152 :: 		
0x00CF	0x200D      	CALL       _Delay_5500us
;__Lib_Lcd.c,155 :: 		
0x00D0	0x1685      	BSF        LCD_EN, BitPos(LCD_EN+0)
;__Lib_Lcd.c,156 :: 		
0x00D1	0x2003      	CALL       _Delay_1us
;__Lib_Lcd.c,157 :: 		
0x00D2	0x1285      	BCF        LCD_EN, BitPos(LCD_EN+0)
;__Lib_Lcd.c,159 :: 		
0x00D3	0x1405      	BSF        LCD_D4, BitPos(LCD_D4+0)
;__Lib_Lcd.c,160 :: 		
0x00D4	0x1685      	BSF        LCD_EN, BitPos(LCD_EN+0)
;__Lib_Lcd.c,161 :: 		
0x00D5	0x2003      	CALL       _Delay_1us
;__Lib_Lcd.c,162 :: 		
0x00D6	0x1285      	BCF        LCD_EN, BitPos(LCD_EN+0)
;__Lib_Lcd.c,163 :: 		
0x00D7	0x200D      	CALL       _Delay_5500us
;__Lib_Lcd.c,166 :: 		
0x00D8	0x1005      	BCF        LCD_D4, BitPos(LCD_D4+0)
;__Lib_Lcd.c,167 :: 		
0x00D9	0x1685      	BSF        LCD_EN, BitPos(LCD_EN+0)
;__Lib_Lcd.c,168 :: 		
0x00DA	0x2003      	CALL       _Delay_1us
;__Lib_Lcd.c,169 :: 		
0x00DB	0x1285      	BCF        LCD_EN, BitPos(LCD_EN+0)
;__Lib_Lcd.c,171 :: 		
0x00DC	0x1585      	BSF        LCD_D7, BitPos(LCD_D7+0)
;__Lib_Lcd.c,172 :: 		
0x00DD	0x1505      	BSF        LCD_D6, BitPos(LCD_D6+0)
;__Lib_Lcd.c,173 :: 		
0x00DE	0x1485      	BSF        LCD_D5, BitPos(LCD_D5+0)
;__Lib_Lcd.c,174 :: 		
0x00DF	0x1405      	BSF        LCD_D4, BitPos(LCD_D4+0)
;__Lib_Lcd.c,175 :: 		
0x00E0	0x1685      	BSF        LCD_EN, BitPos(LCD_EN+0)
;__Lib_Lcd.c,176 :: 		
0x00E1	0x2003      	CALL       _Delay_1us
;__Lib_Lcd.c,177 :: 		
0x00E2	0x1285      	BCF        LCD_EN, BitPos(LCD_EN+0)
;__Lib_Lcd.c,179 :: 		
0x00E3	0x200D      	CALL       _Delay_5500us
;__Lib_Lcd.c,181 :: 		
0x00E4	0x146F      	BSF        __Lib_Lcd_cmd_status, BitPos(__Lib_Lcd_cmd_status+0)
;__Lib_Lcd.c,182 :: 		
L_end_Lcd_Init:
0x00E5	0x0008      	RETURN
; end of _Lcd_Init
_limpiarTextNumero:
;petFeeder.c,38 :: 		void limpiarTextNumero()
;petFeeder.c,40 :: 		for (i=0; i<3; i++)
0x00E6	0x1683      	BSF        STATUS, 5
0x00E7	0x1303      	BCF        STATUS, 6
0x00E8	0x01D0      	CLRF       _i
L_limpiarTextNumero0:
0x00E9	0x3003      	MOVLW      3
0x00EA	0x0250      	SUBWF      _i, 0
0x00EB	0x1803      	BTFSC      STATUS, 0
0x00EC	0x28F3      	GOTO       L_limpiarTextNumero1
;petFeeder.c,41 :: 		textNumero[i]=0;
0x00ED	0x0850      	MOVF       _i, 0
0x00EE	0x3E68      	ADDLW      _textNumero
0x00EF	0x0084      	MOVWF      FSR
0x00F0	0x0180      	CLRF       INDF
;petFeeder.c,40 :: 		for (i=0; i<3; i++)
0x00F1	0x0AD0      	INCF       _i, 1
;petFeeder.c,41 :: 		textNumero[i]=0;
0x00F2	0x28E9      	GOTO       L_limpiarTextNumero0
L_limpiarTextNumero1:
;petFeeder.c,42 :: 		}
L_end_limpiarTextNumero:
0x00F3	0x0008      	RETURN
; end of _limpiarTextNumero
_Delay_10us:
;__Lib_Delays.c,11 :: 		void Delay_10us() {
;__Lib_Delays.c,12 :: 		Delay_us(10);
0x00F4	0x3006      	MOVLW      6
0x00F5	0x1283      	BCF        STATUS, 5
0x00F6	0x1303      	BCF        STATUS, 6
0x00F7	0x00FD      	MOVWF      R13
L_Delay_10us0:
0x00F8	0x0BFD      	DECFSZ     R13, 1
0x00F9	0x28F8      	GOTO       L_Delay_10us0
0x00FA	0x0000      	NOP
;__Lib_Delays.c,13 :: 		}
L_end_Delay_10us:
0x00FB	0x0008      	RETURN
; end of _Delay_10us
_Keypad_Key_Press:
;__Lib_Keypad4x4.c,38 :: 		
;__Lib_Keypad4x4.c,42 :: 		
0x00FC	0x1683      	BSF        STATUS, 5
0x00FD	0x1303      	BCF        STATUS, 6
0x00FE	0x01D5      	CLRF       Keypad_Key_Press_rslt_L0
;__Lib_Keypad4x4.c,43 :: 		
0x00FF	0x01D7      	CLRF       Keypad_Key_Press_loc_L0
;__Lib_Keypad4x4.c,44 :: 		
0x0100	0x01D8      	CLRF       Keypad_Key_Press_rowcnt_L0
;__Lib_Keypad4x4.c,45 :: 		
0x0101	0x3010      	MOVLW      16
0x0102	0x00D9      	MOVWF      Keypad_Key_Press_shifter_L0
;__Lib_Keypad4x4.c,47 :: 		
L_Keypad_Key_Press0:
0x0103	0x3004      	MOVLW      4
0x0104	0x0258      	SUBWF      Keypad_Key_Press_rowcnt_L0, 0
0x0105	0x1803      	BTFSC      STATUS, 0
0x0106	0x292A      	GOTO       L_Keypad_Key_Press1
;__Lib_Keypad4x4.c,49 :: 		
0x0107	0x30F0      	MOVLW      240
0x0108	0x1283      	BCF        STATUS, 5
0x0109	0x0088      	MOVWF      keypadPort
;__Lib_Keypad4x4.c,50 :: 		
0x010A	0x1683      	BSF        STATUS, 5
0x010B	0x0959      	COMF       Keypad_Key_Press_shifter_L0, 0
0x010C	0x0088      	MOVWF      keypadPort+128
;__Lib_Keypad4x4.c,54 :: 		
0x010D	0x2003      	CALL       _Delay_1us
;__Lib_Keypad4x4.c,55 :: 		
0x010E	0x2003      	CALL       _Delay_1us
;__Lib_Keypad4x4.c,56 :: 		
0x010F	0x300F      	MOVLW      15
0x0110	0x1283      	BCF        STATUS, 5
0x0111	0x0508      	ANDWF      keypadPort, 0
0x0112	0x00F0      	MOVWF      R0
0x0113	0x0870      	MOVF       R0, 0
0x0114	0x1683      	BSF        STATUS, 5
0x0115	0x00D6      	MOVWF      Keypad_Key_Press_kdata_L0
;__Lib_Keypad4x4.c,57 :: 		
0x0116	0x0870      	MOVF       R0, 0
0x0117	0x1903      	BTFSC      STATUS, 2
0x0118	0x2924      	GOTO       L_Keypad_Key_Press2
;__Lib_Keypad4x4.c,59 :: 		
0x0119	0x0857      	MOVF       Keypad_Key_Press_loc_L0, 0
0x011A	0x00D5      	MOVWF      Keypad_Key_Press_rslt_L0
;__Lib_Keypad4x4.c,60 :: 		
L_Keypad_Key_Press3:
0x011B	0x0856      	MOVF       Keypad_Key_Press_kdata_L0, 0
0x011C	0x1903      	BTFSC      STATUS, 2
0x011D	0x2922      	GOTO       L_Keypad_Key_Press4
;__Lib_Keypad4x4.c,61 :: 		
0x011E	0x0CD6      	RRF        Keypad_Key_Press_kdata_L0, 1
0x011F	0x13D6      	BCF        Keypad_Key_Press_kdata_L0, 7
;__Lib_Keypad4x4.c,62 :: 		
0x0120	0x0AD5      	INCF       Keypad_Key_Press_rslt_L0, 1
;__Lib_Keypad4x4.c,63 :: 		
0x0121	0x291B      	GOTO       L_Keypad_Key_Press3
L_Keypad_Key_Press4:
;__Lib_Keypad4x4.c,65 :: 		
0x0122	0x3004      	MOVLW      4
0x0123	0x00D8      	MOVWF      Keypad_Key_Press_rowcnt_L0
;__Lib_Keypad4x4.c,66 :: 		
L_Keypad_Key_Press2:
;__Lib_Keypad4x4.c,67 :: 		
0x0124	0x0DD9      	RLF        Keypad_Key_Press_shifter_L0, 1
0x0125	0x1059      	BCF        Keypad_Key_Press_shifter_L0, 0
;__Lib_Keypad4x4.c,68 :: 		
0x0126	0x3004      	MOVLW      4
0x0127	0x07D7      	ADDWF      Keypad_Key_Press_loc_L0, 1
;__Lib_Keypad4x4.c,69 :: 		
0x0128	0x0AD8      	INCF       Keypad_Key_Press_rowcnt_L0, 1
;__Lib_Keypad4x4.c,70 :: 		
0x0129	0x2903      	GOTO       L_Keypad_Key_Press0
L_Keypad_Key_Press1:
;__Lib_Keypad4x4.c,72 :: 		
0x012A	0x0855      	MOVF       Keypad_Key_Press_rslt_L0, 0
0x012B	0x00F0      	MOVWF      R0
;__Lib_Keypad4x4.c,73 :: 		
L_end_Keypad_Key_Press:
0x012C	0x0008      	RETURN
; end of _Keypad_Key_Press
_____DoICP:
;__Lib_System.c,6 :: 		
;__Lib_System.c,9 :: 		
0x012D	0x1683      	BSF        STATUS, 5
0x012E	0x1303      	BCF        STATUS, 6
0x012F	0x084F      	MOVF       ___DoICPAddr+1, 0
0x0130	0x008A      	MOVWF      PCLATH
;__Lib_System.c,10 :: 		
0x0131	0x084E      	MOVF       ___DoICPAddr, 0
0x0132	0x0082      	MOVWF      PCL
;__Lib_System.c,12 :: 		
L_end_____DoICP:
0x0133	0x0008      	RETURN
; end of _____DoICP
_Keypad_Key_Click:
;__Lib_Keypad4x4.c,76 :: 		
;__Lib_Keypad4x4.c,80 :: 		
0x0134	0x20FC      	CALL       _Keypad_Key_Press
0x0135	0x0870      	MOVF       R0, 0
0x0136	0x00D1      	MOVWF      Keypad_Key_Click_rslt_L0
;__Lib_Keypad4x4.c,82 :: 		
L_Keypad_Key_Click5:
0x0137	0x300F      	MOVLW      15
0x0138	0x1283      	BCF        STATUS, 5
0x0139	0x0508      	ANDWF      keypadPort, 0
0x013A	0x00F0      	MOVWF      R0
0x013B	0x1903      	BTFSC      STATUS, 2
0x013C	0x293F      	GOTO       L_Keypad_Key_Click6
;__Lib_Keypad4x4.c,83 :: 		
0x013D	0x20F4      	CALL       _Delay_10us
0x013E	0x2937      	GOTO       L_Keypad_Key_Click5
L_Keypad_Key_Click6:
;__Lib_Keypad4x4.c,85 :: 		
0x013F	0x1683      	BSF        STATUS, 5
0x0140	0x0851      	MOVF       Keypad_Key_Click_rslt_L0, 0
0x0141	0x00F0      	MOVWF      R0
;__Lib_Keypad4x4.c,86 :: 		
L_end_Keypad_Key_Click:
0x0142	0x0008      	RETURN
; end of _Keypad_Key_Click
_EEPROM_Read:
;__Lib_EEPROM.c,4 :: 		
;__Lib_EEPROM.c,5 :: 		
0x0143	0x1683      	BSF        STATUS, 5
0x0144	0x1303      	BCF        STATUS, 6
0x0145	0x0851      	MOVF       FARG_EEPROM_Read_Address, 0
0x0146	0x1283      	BCF        STATUS, 5
0x0147	0x1703      	BSF        STATUS, 6
0x0148	0x008D      	MOVWF      EEADR
;__Lib_EEPROM.c,6 :: 		
0x0149	0x1683      	BSF        STATUS, 5
0x014A	0x138C      	BCF        EECON1, 7
;__Lib_EEPROM.c,12 :: 		
0x014B	0x140C      	BSF        EECON1, 0
;__Lib_EEPROM.c,13 :: 		
0x014C	0x1283      	BCF        STATUS, 5
0x014D	0x080C      	MOVF       EEDATA, 0
0x014E	0x00F0      	MOVWF      R0
;__Lib_EEPROM.c,14 :: 		
L_end_EEPROM_Read:
0x014F	0x0008      	RETURN
; end of _EEPROM_Read
_Lcd_Out:
;__Lib_Lcd.c,184 :: 		
;__Lib_Lcd.c,187 :: 		
0x0150	0x2962      	GOTO       L_Lcd_Out11
;__Lib_Lcd.c,188 :: 		
L_Lcd_Out13:
0x0151	0x3080      	MOVLW      128
0x0152	0x1683      	BSF        STATUS, 5
0x0153	0x1303      	BCF        STATUS, 6
0x0154	0x00D1      	MOVWF      FARG_Lcd_Out_row
0x0155	0x2975      	GOTO       L_Lcd_Out12
;__Lib_Lcd.c,189 :: 		
L_Lcd_Out14:
0x0156	0x30C0      	MOVLW      192
0x0157	0x00D1      	MOVWF      FARG_Lcd_Out_row
0x0158	0x2975      	GOTO       L_Lcd_Out12
;__Lib_Lcd.c,190 :: 		
L_Lcd_Out15:
0x0159	0x3094      	MOVLW      148
0x015A	0x00D1      	MOVWF      FARG_Lcd_Out_row
0x015B	0x2975      	GOTO       L_Lcd_Out12
;__Lib_Lcd.c,191 :: 		
L_Lcd_Out16:
0x015C	0x30D4      	MOVLW      212
0x015D	0x00D1      	MOVWF      FARG_Lcd_Out_row
0x015E	0x2975      	GOTO       L_Lcd_Out12
;__Lib_Lcd.c,192 :: 		
L_Lcd_Out17:
0x015F	0x3080      	MOVLW      128
0x0160	0x00D1      	MOVWF      FARG_Lcd_Out_row
;__Lib_Lcd.c,193 :: 		
0x0161	0x2975      	GOTO       L_Lcd_Out12
L_Lcd_Out11:
0x0162	0x1683      	BSF        STATUS, 5
0x0163	0x1303      	BCF        STATUS, 6
0x0164	0x0851      	MOVF       FARG_Lcd_Out_row, 0
0x0165	0x3A01      	XORLW      1
0x0166	0x1903      	BTFSC      STATUS, 2
0x0167	0x2951      	GOTO       L_Lcd_Out13
0x0168	0x0851      	MOVF       FARG_Lcd_Out_row, 0
0x0169	0x3A02      	XORLW      2
0x016A	0x1903      	BTFSC      STATUS, 2
0x016B	0x2956      	GOTO       L_Lcd_Out14
0x016C	0x0851      	MOVF       FARG_Lcd_Out_row, 0
0x016D	0x3A03      	XORLW      3
0x016E	0x1903      	BTFSC      STATUS, 2
0x016F	0x2959      	GOTO       L_Lcd_Out15
0x0170	0x0851      	MOVF       FARG_Lcd_Out_row, 0
0x0171	0x3A04      	XORLW      4
0x0172	0x1903      	BTFSC      STATUS, 2
0x0173	0x295C      	GOTO       L_Lcd_Out16
0x0174	0x295F      	GOTO       L_Lcd_Out17
L_Lcd_Out12:
;__Lib_Lcd.c,194 :: 		
0x0175	0x0352      	DECF       FARG_Lcd_Out_column, 0
0x0176	0x00F0      	MOVWF      R0
0x0177	0x0851      	MOVF       FARG_Lcd_Out_row, 0
0x0178	0x07F0      	ADDWF      R0, 1
0x0179	0x0870      	MOVF       R0, 0
0x017A	0x00D1      	MOVWF      FARG_Lcd_Out_row
;__Lib_Lcd.c,196 :: 		
0x017B	0x0870      	MOVF       R0, 0
0x017C	0x00DA      	MOVWF      FARG_Lcd_Cmd_out_char
0x017D	0x201A      	CALL       _Lcd_Cmd
;__Lib_Lcd.c,197 :: 		
0x017E	0x106F      	BCF        __Lib_Lcd_cmd_status, BitPos(__Lib_Lcd_cmd_status+0)
;__Lib_Lcd.c,198 :: 		
0x017F	0x1683      	BSF        STATUS, 5
0x0180	0x01D4      	CLRF       Lcd_Out_i_L0
;__Lib_Lcd.c,199 :: 		
L_Lcd_Out18:
0x0181	0x0854      	MOVF       Lcd_Out_i_L0, 0
0x0182	0x0753      	ADDWF      FARG_Lcd_Out_text, 0
0x0183	0x0084      	MOVWF      FSR
0x0184	0x0800      	MOVF       INDF, 0
0x0185	0x1903      	BTFSC      STATUS, 2
0x0186	0x2990      	GOTO       L_Lcd_Out19
;__Lib_Lcd.c,200 :: 		
0x0187	0x0854      	MOVF       Lcd_Out_i_L0, 0
0x0188	0x0753      	ADDWF      FARG_Lcd_Out_text, 0
0x0189	0x0084      	MOVWF      FSR
0x018A	0x0800      	MOVF       INDF, 0
0x018B	0x00D5      	MOVWF      FARG_Lcd_Chr_CP_out_char
0x018C	0x2071      	CALL       _Lcd_Chr_CP
0x018D	0x1683      	BSF        STATUS, 5
0x018E	0x0AD4      	INCF       Lcd_Out_i_L0, 1
0x018F	0x2981      	GOTO       L_Lcd_Out18
L_Lcd_Out19:
;__Lib_Lcd.c,201 :: 		
0x0190	0x1283      	BCF        STATUS, 5
0x0191	0x146F      	BSF        __Lib_Lcd_cmd_status, BitPos(__Lib_Lcd_cmd_status+0)
;__Lib_Lcd.c,202 :: 		
L_end_Lcd_Out:
0x0192	0x0008      	RETURN
; end of _Lcd_Out
___CC2DW:
;__Lib_System.c,134 :: 		
;__Lib_System.c,137 :: 		
_CC2D_Loop1:
;__Lib_System.c,139 :: 		
0x0193	0x212D      	CALL       _____DoICP
0x0194	0x118A      	BCF        PCLATH, 3
0x0195	0x120A      	BCF        PCLATH, 4
;__Lib_System.c,141 :: 		
0x0196	0x0080      	MOVWF      INDF
;__Lib_System.c,142 :: 		
0x0197	0x0A84      	INCF       FSR, 1
;__Lib_System.c,143 :: 		
0x0198	0x0ACE      	INCF       ___DoICPAddr, 1
;__Lib_System.c,145 :: 		
0x0199	0x1903      	BTFSC      STATUS, 2
;__Lib_System.c,146 :: 		
0x019A	0x0ACF      	INCF       ___DoICPAddr+1, 1
;__Lib_System.c,147 :: 		
0x019B	0x03F0      	DECF       R0, 1
;__Lib_System.c,149 :: 		
0x019C	0x1D03      	BTFSS      STATUS, 2
;__Lib_System.c,150 :: 		
0x019D	0x2993      	GOTO       _CC2D_Loop1
;__Lib_System.c,152 :: 		
L_end___CC2DW:
0x019E	0x0008      	RETURN
; end of ___CC2DW
_inicializar:
;petFeeder.c,24 :: 		void inicializar(){
;petFeeder.c,25 :: 		ANSEL = 0;
0x019F	0x1683      	BSF        STATUS, 5
0x01A0	0x1703      	BSF        STATUS, 6
0x01A1	0x0188      	CLRF       ANSEL
;petFeeder.c,26 :: 		ANSELH = 0;
0x01A2	0x0189      	CLRF       ANSELH
;petFeeder.c,27 :: 		Keypad_Init();                           // Initialize Keypad
0x01A3	0x2093      	CALL       _Keypad_Init
;petFeeder.c,28 :: 		Lcd_Init();                              // Initialize Lcd
0x01A4	0x2098      	CALL       _Lcd_Init
;petFeeder.c,29 :: 		Lcd_Cmd(_LCD_CLEAR);                      // Clear display
0x01A5	0x3001      	MOVLW      1
0x01A6	0x1683      	BSF        STATUS, 5
0x01A7	0x00DA      	MOVWF      FARG_Lcd_Cmd_out_char
0x01A8	0x201A      	CALL       _Lcd_Cmd
;petFeeder.c,30 :: 		Lcd_Cmd(_LCD_CURSOR_OFF);                 // Cursor off
0x01A9	0x300C      	MOVLW      12
0x01AA	0x1683      	BSF        STATUS, 5
0x01AB	0x00DA      	MOVWF      FARG_Lcd_Cmd_out_char
0x01AC	0x201A      	CALL       _Lcd_Cmd
;petFeeder.c,31 :: 		}
L_end_inicializar:
0x01AD	0x0008      	RETURN
; end of _inicializar
_obtenerValorKeyPad:
;petFeeder.c,44 :: 		int obtenerValorKeyPad (unsigned short _kp){
;petFeeder.c,45 :: 		int resultado = 0;
0x01AE	0x1683      	BSF        STATUS, 5
0x01AF	0x1303      	BCF        STATUS, 6
0x01B0	0x01D2      	CLRF       obtenerValorKeyPad_resultado_L0
0x01B1	0x01D3      	CLRF       obtenerValorKeyPad_resultado_L0+1
;petFeeder.c,46 :: 		switch (_kp) {
0x01B2	0x2A62      	GOTO       L_obtenerValorKeyPad3
;petFeeder.c,47 :: 		case  1:
L_obtenerValorKeyPad5:
;petFeeder.c,48 :: 		numero = numero*10+1;
0x01B3	0x1283      	BCF        STATUS, 5
0x01B4	0x086B      	MOVF       _numero, 0
0x01B5	0x00F0      	MOVWF      R0
0x01B6	0x300A      	MOVLW      10
0x01B7	0x00F4      	MOVWF      R4
0x01B8	0x207A      	CALL       _Mul_8x8_U
0x01B9	0x0A70      	INCF       R0, 0
0x01BA	0x00EB      	MOVWF      _numero
;petFeeder.c,49 :: 		textNumero [contNumero]= 49;
0x01BB	0x0867      	MOVF       _contNumero, 0
0x01BC	0x3E68      	ADDLW      _textNumero
0x01BD	0x0084      	MOVWF      FSR
0x01BE	0x3031      	MOVLW      49
0x01BF	0x0080      	MOVWF      INDF
;petFeeder.c,50 :: 		contNumero++;
0x01C0	0x0AE7      	INCF       _contNumero, 1
;petFeeder.c,52 :: 		break; // 1
0x01C1	0x2AA2      	GOTO       L_obtenerValorKeyPad4
;petFeeder.c,53 :: 		case  2:
L_obtenerValorKeyPad6:
0x01C2	0x1283      	BCF        STATUS, 5
;petFeeder.c,54 :: 		numero = numero*10+2;
0x01C3	0x086B      	MOVF       _numero, 0
0x01C4	0x00F0      	MOVWF      R0
0x01C5	0x300A      	MOVLW      10
0x01C6	0x00F4      	MOVWF      R4
0x01C7	0x207A      	CALL       _Mul_8x8_U
0x01C8	0x3002      	MOVLW      2
0x01C9	0x0770      	ADDWF      R0, 0
0x01CA	0x00EB      	MOVWF      _numero
;petFeeder.c,55 :: 		textNumero [contNumero]= 50;
0x01CB	0x0867      	MOVF       _contNumero, 0
0x01CC	0x3E68      	ADDLW      _textNumero
0x01CD	0x0084      	MOVWF      FSR
0x01CE	0x3032      	MOVLW      50
0x01CF	0x0080      	MOVWF      INDF
;petFeeder.c,56 :: 		contNumero++;
0x01D0	0x0AE7      	INCF       _contNumero, 1
;petFeeder.c,58 :: 		break; // 2
0x01D1	0x2AA2      	GOTO       L_obtenerValorKeyPad4
;petFeeder.c,59 :: 		case  3:
L_obtenerValorKeyPad7:
0x01D2	0x1283      	BCF        STATUS, 5
;petFeeder.c,60 :: 		numero = numero*10+3;
0x01D3	0x086B      	MOVF       _numero, 0
0x01D4	0x00F0      	MOVWF      R0
0x01D5	0x300A      	MOVLW      10
0x01D6	0x00F4      	MOVWF      R4
0x01D7	0x207A      	CALL       _Mul_8x8_U
0x01D8	0x3003      	MOVLW      3
0x01D9	0x0770      	ADDWF      R0, 0
0x01DA	0x00EB      	MOVWF      _numero
;petFeeder.c,61 :: 		textNumero [contNumero]= 51;
0x01DB	0x0867      	MOVF       _contNumero, 0
0x01DC	0x3E68      	ADDLW      _textNumero
0x01DD	0x0084      	MOVWF      FSR
0x01DE	0x3033      	MOVLW      51
0x01DF	0x0080      	MOVWF      INDF
;petFeeder.c,62 :: 		contNumero++;
0x01E0	0x0AE7      	INCF       _contNumero, 1
;petFeeder.c,64 :: 		break; // 3
0x01E1	0x2AA2      	GOTO       L_obtenerValorKeyPad4
;petFeeder.c,65 :: 		case  4:
L_obtenerValorKeyPad8:
;petFeeder.c,67 :: 		break; // A arriba
0x01E2	0x2AA2      	GOTO       L_obtenerValorKeyPad4
;petFeeder.c,68 :: 		case  5:
L_obtenerValorKeyPad9:
0x01E3	0x1283      	BCF        STATUS, 5
;petFeeder.c,69 :: 		numero = numero*10+4;
0x01E4	0x086B      	MOVF       _numero, 0
0x01E5	0x00F0      	MOVWF      R0
0x01E6	0x300A      	MOVLW      10
0x01E7	0x00F4      	MOVWF      R4
0x01E8	0x207A      	CALL       _Mul_8x8_U
0x01E9	0x3004      	MOVLW      4
0x01EA	0x0770      	ADDWF      R0, 0
0x01EB	0x00EB      	MOVWF      _numero
;petFeeder.c,70 :: 		textNumero [contNumero]= 52;
0x01EC	0x0867      	MOVF       _contNumero, 0
0x01ED	0x3E68      	ADDLW      _textNumero
0x01EE	0x0084      	MOVWF      FSR
0x01EF	0x3034      	MOVLW      52
0x01F0	0x0080      	MOVWF      INDF
;petFeeder.c,71 :: 		contNumero++;
0x01F1	0x0AE7      	INCF       _contNumero, 1
;petFeeder.c,73 :: 		break; // 4
0x01F2	0x2AA2      	GOTO       L_obtenerValorKeyPad4
;petFeeder.c,74 :: 		case  6:
L_obtenerValorKeyPad10:
0x01F3	0x1283      	BCF        STATUS, 5
;petFeeder.c,75 :: 		numero = numero*10+5;
0x01F4	0x086B      	MOVF       _numero, 0
0x01F5	0x00F0      	MOVWF      R0
0x01F6	0x300A      	MOVLW      10
0x01F7	0x00F4      	MOVWF      R4
0x01F8	0x207A      	CALL       _Mul_8x8_U
0x01F9	0x3005      	MOVLW      5
0x01FA	0x0770      	ADDWF      R0, 0
0x01FB	0x00EB      	MOVWF      _numero
;petFeeder.c,76 :: 		textNumero [contNumero]= 53;
0x01FC	0x0867      	MOVF       _contNumero, 0
0x01FD	0x3E68      	ADDLW      _textNumero
0x01FE	0x0084      	MOVWF      FSR
0x01FF	0x3035      	MOVLW      53
0x0200	0x0080      	MOVWF      INDF
;petFeeder.c,77 :: 		contNumero++;
0x0201	0x0AE7      	INCF       _contNumero, 1
;petFeeder.c,79 :: 		break; // 5
0x0202	0x2AA2      	GOTO       L_obtenerValorKeyPad4
;petFeeder.c,80 :: 		case  7:
L_obtenerValorKeyPad11:
0x0203	0x1283      	BCF        STATUS, 5
;petFeeder.c,81 :: 		numero = numero*10+1;
0x0204	0x086B      	MOVF       _numero, 0
0x0205	0x00F0      	MOVWF      R0
0x0206	0x300A      	MOVLW      10
0x0207	0x00F4      	MOVWF      R4
0x0208	0x207A      	CALL       _Mul_8x8_U
0x0209	0x0A70      	INCF       R0, 0
0x020A	0x00EB      	MOVWF      _numero
;petFeeder.c,82 :: 		textNumero [contNumero]= 54;
0x020B	0x0867      	MOVF       _contNumero, 0
0x020C	0x3E68      	ADDLW      _textNumero
0x020D	0x0084      	MOVWF      FSR
0x020E	0x3036      	MOVLW      54
0x020F	0x0080      	MOVWF      INDF
;petFeeder.c,83 :: 		contNumero++;
0x0210	0x0AE7      	INCF       _contNumero, 1
;petFeeder.c,85 :: 		break; // 6
0x0211	0x2AA2      	GOTO       L_obtenerValorKeyPad4
;petFeeder.c,86 :: 		case  8:
L_obtenerValorKeyPad12:
;petFeeder.c,88 :: 		break; // B abajo
0x0212	0x2AA2      	GOTO       L_obtenerValorKeyPad4
;petFeeder.c,89 :: 		case  9:
L_obtenerValorKeyPad13:
0x0213	0x1283      	BCF        STATUS, 5
;petFeeder.c,90 :: 		numero = numero*10+7;
0x0214	0x086B      	MOVF       _numero, 0
0x0215	0x00F0      	MOVWF      R0
0x0216	0x300A      	MOVLW      10
0x0217	0x00F4      	MOVWF      R4
0x0218	0x207A      	CALL       _Mul_8x8_U
0x0219	0x3007      	MOVLW      7
0x021A	0x0770      	ADDWF      R0, 0
0x021B	0x00EB      	MOVWF      _numero
;petFeeder.c,91 :: 		textNumero [contNumero]= 55;
0x021C	0x0867      	MOVF       _contNumero, 0
0x021D	0x3E68      	ADDLW      _textNumero
0x021E	0x0084      	MOVWF      FSR
0x021F	0x3037      	MOVLW      55
0x0220	0x0080      	MOVWF      INDF
;petFeeder.c,92 :: 		contNumero++;
0x0221	0x0AE7      	INCF       _contNumero, 1
;petFeeder.c,94 :: 		break; // 7
0x0222	0x2AA2      	GOTO       L_obtenerValorKeyPad4
;petFeeder.c,95 :: 		case 10:
L_obtenerValorKeyPad14:
0x0223	0x1283      	BCF        STATUS, 5
;petFeeder.c,96 :: 		numero = numero*10+8;
0x0224	0x086B      	MOVF       _numero, 0
0x0225	0x00F0      	MOVWF      R0
0x0226	0x300A      	MOVLW      10
0x0227	0x00F4      	MOVWF      R4
0x0228	0x207A      	CALL       _Mul_8x8_U
0x0229	0x3008      	MOVLW      8
0x022A	0x0770      	ADDWF      R0, 0
0x022B	0x00EB      	MOVWF      _numero
;petFeeder.c,97 :: 		textNumero [contNumero]= 56;
0x022C	0x0867      	MOVF       _contNumero, 0
0x022D	0x3E68      	ADDLW      _textNumero
0x022E	0x0084      	MOVWF      FSR
0x022F	0x3038      	MOVLW      56
0x0230	0x0080      	MOVWF      INDF
;petFeeder.c,98 :: 		contNumero++;
0x0231	0x0AE7      	INCF       _contNumero, 1
;petFeeder.c,100 :: 		break; // 8
0x0232	0x2AA2      	GOTO       L_obtenerValorKeyPad4
;petFeeder.c,101 :: 		case 11:
L_obtenerValorKeyPad15:
0x0233	0x1283      	BCF        STATUS, 5
;petFeeder.c,102 :: 		numero = numero*10+9;
0x0234	0x086B      	MOVF       _numero, 0
0x0235	0x00F0      	MOVWF      R0
0x0236	0x300A      	MOVLW      10
0x0237	0x00F4      	MOVWF      R4
0x0238	0x207A      	CALL       _Mul_8x8_U
0x0239	0x3009      	MOVLW      9
0x023A	0x0770      	ADDWF      R0, 0
0x023B	0x00EB      	MOVWF      _numero
;petFeeder.c,103 :: 		textNumero [contNumero]= 57;
0x023C	0x0867      	MOVF       _contNumero, 0
0x023D	0x3E68      	ADDLW      _textNumero
0x023E	0x0084      	MOVWF      FSR
0x023F	0x3039      	MOVLW      57
0x0240	0x0080      	MOVWF      INDF
;petFeeder.c,104 :: 		contNumero++;
0x0241	0x0AE7      	INCF       _contNumero, 1
;petFeeder.c,106 :: 		break; // 9
0x0242	0x2AA2      	GOTO       L_obtenerValorKeyPad4
;petFeeder.c,107 :: 		case 12: kp = 67; break; // C izq
L_obtenerValorKeyPad16:
0x0243	0x1283      	BCF        STATUS, 5
0x0244	0x3043      	MOVLW      67
0x0245	0x00EE      	MOVWF      _kp
0x0246	0x2AA2      	GOTO       L_obtenerValorKeyPad4
;petFeeder.c,108 :: 		case 13:
L_obtenerValorKeyPad17:
;petFeeder.c,110 :: 		limpiarTextNumero();
0x0247	0x20E6      	CALL       _limpiarTextNumero
;petFeeder.c,111 :: 		numero = 0;
0x0248	0x1283      	BCF        STATUS, 5
0x0249	0x01EB      	CLRF       _numero
;petFeeder.c,112 :: 		contNumero =0;
0x024A	0x01E7      	CLRF       _contNumero
;petFeeder.c,113 :: 		break; // * borrar
0x024B	0x2AA2      	GOTO       L_obtenerValorKeyPad4
;petFeeder.c,114 :: 		case 14:
L_obtenerValorKeyPad18:
0x024C	0x1283      	BCF        STATUS, 5
;petFeeder.c,115 :: 		numero = numero*10;
0x024D	0x086B      	MOVF       _numero, 0
0x024E	0x00F0      	MOVWF      R0
0x024F	0x300A      	MOVLW      10
0x0250	0x00F4      	MOVWF      R4
0x0251	0x207A      	CALL       _Mul_8x8_U
0x0252	0x0870      	MOVF       R0, 0
0x0253	0x00EB      	MOVWF      _numero
;petFeeder.c,116 :: 		textNumero [contNumero]= 48;
0x0254	0x0867      	MOVF       _contNumero, 0
0x0255	0x3E68      	ADDLW      _textNumero
0x0256	0x0084      	MOVWF      FSR
0x0257	0x3030      	MOVLW      48
0x0258	0x0080      	MOVWF      INDF
;petFeeder.c,117 :: 		contNumero++;
0x0259	0x0AE7      	INCF       _contNumero, 1
;petFeeder.c,119 :: 		break; // 0
0x025A	0x2AA2      	GOTO       L_obtenerValorKeyPad4
;petFeeder.c,120 :: 		case 15:
L_obtenerValorKeyPad19:
;petFeeder.c,121 :: 		resultado = 1;
0x025B	0x3001      	MOVLW      1
0x025C	0x1683      	BSF        STATUS, 5
0x025D	0x00D2      	MOVWF      obtenerValorKeyPad_resultado_L0
0x025E	0x3000      	MOVLW      0
0x025F	0x00D3      	MOVWF      obtenerValorKeyPad_resultado_L0+1
;petFeeder.c,123 :: 		break; // # enter
0x0260	0x2AA2      	GOTO       L_obtenerValorKeyPad4
;petFeeder.c,124 :: 		case 16:
L_obtenerValorKeyPad20:
;petFeeder.c,126 :: 		break; // D derecha
0x0261	0x2AA2      	GOTO       L_obtenerValorKeyPad4
;petFeeder.c,127 :: 		}
L_obtenerValorKeyPad3:
0x0262	0x0851      	MOVF       FARG_obtenerValorKeyPad__kp, 0
0x0263	0x3A01      	XORLW      1
0x0264	0x1903      	BTFSC      STATUS, 2
0x0265	0x29B3      	GOTO       L_obtenerValorKeyPad5
0x0266	0x0851      	MOVF       FARG_obtenerValorKeyPad__kp, 0
0x0267	0x3A02      	XORLW      2
0x0268	0x1903      	BTFSC      STATUS, 2
0x0269	0x29C2      	GOTO       L_obtenerValorKeyPad6
0x026A	0x0851      	MOVF       FARG_obtenerValorKeyPad__kp, 0
0x026B	0x3A03      	XORLW      3
0x026C	0x1903      	BTFSC      STATUS, 2
0x026D	0x29D2      	GOTO       L_obtenerValorKeyPad7
0x026E	0x0851      	MOVF       FARG_obtenerValorKeyPad__kp, 0
0x026F	0x3A04      	XORLW      4
0x0270	0x1903      	BTFSC      STATUS, 2
0x0271	0x29E2      	GOTO       L_obtenerValorKeyPad8
0x0272	0x0851      	MOVF       FARG_obtenerValorKeyPad__kp, 0
0x0273	0x3A05      	XORLW      5
0x0274	0x1903      	BTFSC      STATUS, 2
0x0275	0x29E3      	GOTO       L_obtenerValorKeyPad9
0x0276	0x0851      	MOVF       FARG_obtenerValorKeyPad__kp, 0
0x0277	0x3A06      	XORLW      6
0x0278	0x1903      	BTFSC      STATUS, 2
0x0279	0x29F3      	GOTO       L_obtenerValorKeyPad10
0x027A	0x0851      	MOVF       FARG_obtenerValorKeyPad__kp, 0
0x027B	0x3A07      	XORLW      7
0x027C	0x1903      	BTFSC      STATUS, 2
0x027D	0x2A03      	GOTO       L_obtenerValorKeyPad11
0x027E	0x0851      	MOVF       FARG_obtenerValorKeyPad__kp, 0
0x027F	0x3A08      	XORLW      8
0x0280	0x1903      	BTFSC      STATUS, 2
0x0281	0x2A12      	GOTO       L_obtenerValorKeyPad12
0x0282	0x0851      	MOVF       FARG_obtenerValorKeyPad__kp, 0
0x0283	0x3A09      	XORLW      9
0x0284	0x1903      	BTFSC      STATUS, 2
0x0285	0x2A13      	GOTO       L_obtenerValorKeyPad13
0x0286	0x0851      	MOVF       FARG_obtenerValorKeyPad__kp, 0
0x0287	0x3A0A      	XORLW      10
0x0288	0x1903      	BTFSC      STATUS, 2
0x0289	0x2A23      	GOTO       L_obtenerValorKeyPad14
0x028A	0x0851      	MOVF       FARG_obtenerValorKeyPad__kp, 0
0x028B	0x3A0B      	XORLW      11
0x028C	0x1903      	BTFSC      STATUS, 2
0x028D	0x2A33      	GOTO       L_obtenerValorKeyPad15
0x028E	0x0851      	MOVF       FARG_obtenerValorKeyPad__kp, 0
0x028F	0x3A0C      	XORLW      12
0x0290	0x1903      	BTFSC      STATUS, 2
0x0291	0x2A43      	GOTO       L_obtenerValorKeyPad16
0x0292	0x0851      	MOVF       FARG_obtenerValorKeyPad__kp, 0
0x0293	0x3A0D      	XORLW      13
0x0294	0x1903      	BTFSC      STATUS, 2
0x0295	0x2A47      	GOTO       L_obtenerValorKeyPad17
0x0296	0x0851      	MOVF       FARG_obtenerValorKeyPad__kp, 0
0x0297	0x3A0E      	XORLW      14
0x0298	0x1903      	BTFSC      STATUS, 2
0x0299	0x2A4C      	GOTO       L_obtenerValorKeyPad18
0x029A	0x0851      	MOVF       FARG_obtenerValorKeyPad__kp, 0
0x029B	0x3A0F      	XORLW      15
0x029C	0x1903      	BTFSC      STATUS, 2
0x029D	0x2A5B      	GOTO       L_obtenerValorKeyPad19
0x029E	0x0851      	MOVF       FARG_obtenerValorKeyPad__kp, 0
0x029F	0x3A10      	XORLW      16
0x02A0	0x1903      	BTFSC      STATUS, 2
0x02A1	0x2A61      	GOTO       L_obtenerValorKeyPad20
L_obtenerValorKeyPad4:
0x02A2	0x1683      	BSF        STATUS, 5
;petFeeder.c,128 :: 		return resultado;
0x02A3	0x0852      	MOVF       obtenerValorKeyPad_resultado_L0, 0
0x02A4	0x00F0      	MOVWF      R0
0x02A5	0x0853      	MOVF       obtenerValorKeyPad_resultado_L0+1, 0
0x02A6	0x00F1      	MOVWF      R0+1
;petFeeder.c,129 :: 		}
L_end_obtenerValorKeyPad:
0x02A7	0x0008      	RETURN
; end of _obtenerValorKeyPad
_main:
0x02A8	0x23E6      	CALL       998
;petFeeder.c,133 :: 		void main() {
;petFeeder.c,134 :: 		inicializar();
0x02A9	0x219F      	CALL       _inicializar
;petFeeder.c,135 :: 		opcionTemporizador = 0;//EEPROM_Read(0x00);
0x02AA	0x01ED      	CLRF       _opcionTemporizador
;petFeeder.c,136 :: 		numeroRepeticiones = EEPROM_Read(0x01);
0x02AB	0x3001      	MOVLW      1
0x02AC	0x1683      	BSF        STATUS, 5
0x02AD	0x00D1      	MOVWF      FARG_EEPROM_Read_Address
0x02AE	0x2143      	CALL       _EEPROM_Read
0x02AF	0x0870      	MOVF       R0, 0
0x02B0	0x1303      	BCF        STATUS, 6
0x02B1	0x00EC      	MOVWF      _numeroRepeticiones
;petFeeder.c,137 :: 		if  (opcionTemporizador ==0)
0x02B2	0x086D      	MOVF       _opcionTemporizador, 0
0x02B3	0x3A00      	XORLW      0
0x02B4	0x1D03      	BTFSS      STATUS, 2
0x02B5	0x2B6B      	GOTO       L_main21
;petFeeder.c,139 :: 		Lcd_Out(1, 1, "******Bienvenido******");
0x02B6	0x3001      	MOVLW      1
0x02B7	0x1683      	BSF        STATUS, 5
0x02B8	0x00D1      	MOVWF      FARG_Lcd_Out_row
0x02B9	0x3001      	MOVLW      1
0x02BA	0x00D2      	MOVWF      FARG_Lcd_Out_column
0x02BB	0x30B7      	MOVLW      ?lstr1_petFeeder
0x02BC	0x00D3      	MOVWF      FARG_Lcd_Out_text
0x02BD	0x2150      	CALL       _Lcd_Out
;petFeeder.c,140 :: 		Lcd_Out(2, 1, "Configure su PetFeeder");
0x02BE	0x3002      	MOVLW      2
0x02BF	0x1683      	BSF        STATUS, 5
0x02C0	0x00D1      	MOVWF      FARG_Lcd_Out_row
0x02C1	0x3001      	MOVLW      1
0x02C2	0x00D2      	MOVWF      FARG_Lcd_Out_column
0x02C3	0x30A0      	MOVLW      ?lstr2_petFeeder
0x02C4	0x00D3      	MOVWF      FARG_Lcd_Out_text
0x02C5	0x2150      	CALL       _Lcd_Out
;petFeeder.c,141 :: 		Delay_ms(250);
0x02C6	0x3003      	MOVLW      3
0x02C7	0x00FB      	MOVWF      R11
0x02C8	0x308A      	MOVLW      138
0x02C9	0x00FC      	MOVWF      R12
0x02CA	0x3055      	MOVLW      85
0x02CB	0x00FD      	MOVWF      R13
L_main22:
0x02CC	0x0BFD      	DECFSZ     R13, 1
0x02CD	0x2ACC      	GOTO       L_main22
0x02CE	0x0BFC      	DECFSZ     R12, 1
0x02CF	0x2ACC      	GOTO       L_main22
0x02D0	0x0BFB      	DECFSZ     R11, 1
0x02D1	0x2ACC      	GOTO       L_main22
0x02D2	0x0000      	NOP
0x02D3	0x0000      	NOP
;petFeeder.c,142 :: 		for(i=0; i<6; i++) {               // Move text to the right 4 times
0x02D4	0x1683      	BSF        STATUS, 5
0x02D5	0x01D0      	CLRF       _i
L_main23:
0x02D6	0x3006      	MOVLW      6
0x02D7	0x0250      	SUBWF      _i, 0
0x02D8	0x1803      	BTFSC      STATUS, 0
0x02D9	0x2AEE      	GOTO       L_main24
;petFeeder.c,143 :: 		Lcd_Cmd(_LCD_SHIFT_RIGHT);
0x02DA	0x301C      	MOVLW      28
0x02DB	0x00DA      	MOVWF      FARG_Lcd_Cmd_out_char
0x02DC	0x201A      	CALL       _Lcd_Cmd
;petFeeder.c,145 :: 		Delay_ms(250);
0x02DD	0x3003      	MOVLW      3
0x02DE	0x00FB      	MOVWF      R11
0x02DF	0x308A      	MOVLW      138
0x02E0	0x00FC      	MOVWF      R12
0x02E1	0x3055      	MOVLW      85
0x02E2	0x00FD      	MOVWF      R13
L_main26:
0x02E3	0x0BFD      	DECFSZ     R13, 1
0x02E4	0x2AE3      	GOTO       L_main26
0x02E5	0x0BFC      	DECFSZ     R12, 1
0x02E6	0x2AE3      	GOTO       L_main26
0x02E7	0x0BFB      	DECFSZ     R11, 1
0x02E8	0x2AE3      	GOTO       L_main26
0x02E9	0x0000      	NOP
0x02EA	0x0000      	NOP
;petFeeder.c,142 :: 		for(i=0; i<6; i++) {               // Move text to the right 4 times
0x02EB	0x1683      	BSF        STATUS, 5
0x02EC	0x0AD0      	INCF       _i, 1
;petFeeder.c,146 :: 		}
0x02ED	0x2AD6      	GOTO       L_main23
L_main24:
;petFeeder.c,148 :: 		Delay_ms(1250);
0x02EE	0x300D      	MOVLW      13
0x02EF	0x00FB      	MOVWF      R11
0x02F0	0x30AF      	MOVLW      175
0x02F1	0x00FC      	MOVWF      R12
0x02F2	0x30B6      	MOVLW      182
0x02F3	0x00FD      	MOVWF      R13
L_main27:
0x02F4	0x0BFD      	DECFSZ     R13, 1
0x02F5	0x2AF4      	GOTO       L_main27
0x02F6	0x0BFC      	DECFSZ     R12, 1
0x02F7	0x2AF4      	GOTO       L_main27
0x02F8	0x0BFB      	DECFSZ     R11, 1
0x02F9	0x2AF4      	GOTO       L_main27
0x02FA	0x0000      	NOP
;petFeeder.c,150 :: 		Lcd_Cmd(_LCD_CLEAR);
0x02FB	0x3001      	MOVLW      1
0x02FC	0x00DA      	MOVWF      FARG_Lcd_Cmd_out_char
0x02FD	0x201A      	CALL       _Lcd_Cmd
;petFeeder.c,151 :: 		Lcd_Out(1, 1, "Num. repeticiones");
0x02FE	0x3001      	MOVLW      1
0x02FF	0x1683      	BSF        STATUS, 5
0x0300	0x00D1      	MOVWF      FARG_Lcd_Out_row
0x0301	0x3001      	MOVLW      1
0x0302	0x00D2      	MOVWF      FARG_Lcd_Out_column
0x0303	0x303E      	MOVLW      ?lstr3_petFeeder
0x0304	0x00D3      	MOVWF      FARG_Lcd_Out_text
0x0305	0x2150      	CALL       _Lcd_Out
;petFeeder.c,152 :: 		kp=0;
0x0306	0x01EE      	CLRF       _kp
;petFeeder.c,153 :: 		do{
L_main28:
;petFeeder.c,154 :: 		if  (contNumero<=3 && numero<256){
0x0307	0x0867      	MOVF       _contNumero, 0
0x0308	0x3C03      	SUBLW      3
0x0309	0x1C03      	BTFSS      STATUS, 0
0x030A	0x2B2A      	GOTO       L_main33
0x030B	0x3080      	MOVLW      128
0x030C	0x00F0      	MOVWF      R0
0x030D	0x3080      	MOVLW      128
0x030E	0x3A01      	XORLW      1
0x030F	0x0270      	SUBWF      R0, 0
0x0310	0x1D03      	BTFSS      STATUS, 2
0x0311	0x2B14      	GOTO       L__main42
0x0312	0x3000      	MOVLW      0
0x0313	0x026B      	SUBWF      _numero, 0
L__main42:
0x0314	0x1803      	BTFSC      STATUS, 0
0x0315	0x2B2A      	GOTO       L_main33
L__main36:
;petFeeder.c,155 :: 		kp = Keypad_Key_Click();
0x0316	0x2134      	CALL       _Keypad_Key_Click
0x0317	0x0870      	MOVF       R0, 0
0x0318	0x1283      	BCF        STATUS, 5
0x0319	0x00EE      	MOVWF      _kp
;petFeeder.c,156 :: 		kp = obtenerValorKeyPad(kp);
0x031A	0x0870      	MOVF       R0, 0
0x031B	0x1683      	BSF        STATUS, 5
0x031C	0x00D1      	MOVWF      FARG_obtenerValorKeyPad__kp
0x031D	0x21AE      	CALL       _obtenerValorKeyPad
0x031E	0x0870      	MOVF       R0, 0
0x031F	0x1283      	BCF        STATUS, 5
0x0320	0x00EE      	MOVWF      _kp
;petFeeder.c,157 :: 		Lcd_Out(2, 1, textNumero);
0x0321	0x3002      	MOVLW      2
0x0322	0x1683      	BSF        STATUS, 5
0x0323	0x00D1      	MOVWF      FARG_Lcd_Out_row
0x0324	0x3001      	MOVLW      1
0x0325	0x00D2      	MOVWF      FARG_Lcd_Out_column
0x0326	0x3068      	MOVLW      _textNumero
0x0327	0x00D3      	MOVWF      FARG_Lcd_Out_text
0x0328	0x2150      	CALL       _Lcd_Out
;petFeeder.c,177 :: 		}else{
0x0329	0x2B5C      	GOTO       L_main34
L_main33:
;petFeeder.c,178 :: 		Lcd_Cmd(_LCD_CLEAR);
0x032A	0x3001      	MOVLW      1
0x032B	0x1683      	BSF        STATUS, 5
0x032C	0x00DA      	MOVWF      FARG_Lcd_Cmd_out_char
0x032D	0x201A      	CALL       _Lcd_Cmd
;petFeeder.c,179 :: 		Lcd_Out(1, 1, "Exedio el numero ");
0x032E	0x3001      	MOVLW      1
0x032F	0x1683      	BSF        STATUS, 5
0x0330	0x00D1      	MOVWF      FARG_Lcd_Out_row
0x0331	0x3001      	MOVLW      1
0x0332	0x00D2      	MOVWF      FARG_Lcd_Out_column
0x0333	0x302C      	MOVLW      ?lstr4_petFeeder
0x0334	0x00D3      	MOVWF      FARG_Lcd_Out_text
0x0335	0x2150      	CALL       _Lcd_Out
;petFeeder.c,180 :: 		Lcd_Out(2, 1, "maximo: 255");
0x0336	0x3002      	MOVLW      2
0x0337	0x1683      	BSF        STATUS, 5
0x0338	0x00D1      	MOVWF      FARG_Lcd_Out_row
0x0339	0x3001      	MOVLW      1
0x033A	0x00D2      	MOVWF      FARG_Lcd_Out_column
0x033B	0x3020      	MOVLW      ?lstr5_petFeeder
0x033C	0x00D3      	MOVWF      FARG_Lcd_Out_text
0x033D	0x2150      	CALL       _Lcd_Out
;petFeeder.c,181 :: 		Delay_ms(2000);
0x033E	0x3015      	MOVLW      21
0x033F	0x00FB      	MOVWF      R11
0x0340	0x304B      	MOVLW      75
0x0341	0x00FC      	MOVWF      R12
0x0342	0x30BE      	MOVLW      190
0x0343	0x00FD      	MOVWF      R13
L_main35:
0x0344	0x0BFD      	DECFSZ     R13, 1
0x0345	0x2B44      	GOTO       L_main35
0x0346	0x0BFC      	DECFSZ     R12, 1
0x0347	0x2B44      	GOTO       L_main35
0x0348	0x0BFB      	DECFSZ     R11, 1
0x0349	0x2B44      	GOTO       L_main35
0x034A	0x0000      	NOP
;petFeeder.c,182 :: 		Lcd_Cmd(_LCD_CLEAR);
0x034B	0x3001      	MOVLW      1
0x034C	0x1683      	BSF        STATUS, 5
0x034D	0x00DA      	MOVWF      FARG_Lcd_Cmd_out_char
0x034E	0x201A      	CALL       _Lcd_Cmd
;petFeeder.c,183 :: 		Lcd_Out(1, 1, "Num. repeticiones");
0x034F	0x3001      	MOVLW      1
0x0350	0x1683      	BSF        STATUS, 5
0x0351	0x00D1      	MOVWF      FARG_Lcd_Out_row
0x0352	0x3001      	MOVLW      1
0x0353	0x00D2      	MOVWF      FARG_Lcd_Out_column
0x0354	0x3055      	MOVLW      ?lstr6_petFeeder
0x0355	0x00D3      	MOVWF      FARG_Lcd_Out_text
0x0356	0x2150      	CALL       _Lcd_Out
;petFeeder.c,184 :: 		limpiarTextNumero();
0x0357	0x20E6      	CALL       _limpiarTextNumero
;petFeeder.c,185 :: 		numero = 0;
0x0358	0x1283      	BCF        STATUS, 5
0x0359	0x01EB      	CLRF       _numero
;petFeeder.c,186 :: 		contNumero =0;
0x035A	0x01E7      	CLRF       _contNumero
;petFeeder.c,187 :: 		kp = 0;
0x035B	0x01EE      	CLRF       _kp
;petFeeder.c,188 :: 		}
L_main34:
;petFeeder.c,190 :: 		}while (!kp);
0x035C	0x086E      	MOVF       _kp, 0
0x035D	0x1903      	BTFSC      STATUS, 2
0x035E	0x2B07      	GOTO       L_main28
;petFeeder.c,192 :: 		Lcd_Cmd(_LCD_CLEAR);
0x035F	0x3001      	MOVLW      1
0x0360	0x1683      	BSF        STATUS, 5
0x0361	0x00DA      	MOVWF      FARG_Lcd_Cmd_out_char
0x0362	0x201A      	CALL       _Lcd_Cmd
;petFeeder.c,193 :: 		Lcd_Out(1, 1, "SALI");
0x0363	0x3001      	MOVLW      1
0x0364	0x1683      	BSF        STATUS, 5
0x0365	0x00D1      	MOVWF      FARG_Lcd_Out_row
0x0366	0x3001      	MOVLW      1
0x0367	0x00D2      	MOVWF      FARG_Lcd_Out_column
0x0368	0x3050      	MOVLW      ?lstr7_petFeeder
0x0369	0x00D3      	MOVWF      FARG_Lcd_Out_text
0x036A	0x2150      	CALL       _Lcd_Out
;petFeeder.c,195 :: 		}
L_main21:
;petFeeder.c,199 :: 		}
L_end_main:
0x036B	0x2B6B      	GOTO       $+0
; end of _main
0x03E6	0x3020      	MOVLW      32
0x03E7	0x0084      	MOVWF      FSR
0x03E8	0x3047      	MOVLW      71
0x03E9	0x1283      	BCF        STATUS, 5
0x03EA	0x1303      	BCF        STATUS, 6
0x03EB	0x00F0      	MOVWF      R0
0x03EC	0x3071      	MOVLW      113
0x03ED	0x1683      	BSF        STATUS, 5
0x03EE	0x00CE      	MOVWF      ___DoICPAddr
0x03EF	0x3003      	MOVLW      3
0x03F0	0x00CF      	MOVWF      207
0x03F1	0x2193      	CALL       403
0x03F2	0x30A0      	MOVLW      160
0x03F3	0x0084      	MOVWF      FSR
0x03F4	0x302E      	MOVLW      46
0x03F5	0x1283      	BCF        STATUS, 5
0x03F6	0x1303      	BCF        STATUS, 6
0x03F7	0x00F0      	MOVWF      R0
0x03F8	0x30B8      	MOVLW      184
0x03F9	0x1683      	BSF        STATUS, 5
0x03FA	0x00CE      	MOVWF      ___DoICPAddr
0x03FB	0x3003      	MOVLW      3
0x03FC	0x00CF      	MOVWF      207
0x03FD	0x2193      	CALL       403
0x03FE	0x0008      	RETURN
;petFeeder.c,0 :: ?ICS?lstr5_petFeeder
0x0371	0x346D ;?ICS?lstr5_petFeeder+0
0x0372	0x3461 ;?ICS?lstr5_petFeeder+1
0x0373	0x3478 ;?ICS?lstr5_petFeeder+2
0x0374	0x3469 ;?ICS?lstr5_petFeeder+3
0x0375	0x346D ;?ICS?lstr5_petFeeder+4
0x0376	0x346F ;?ICS?lstr5_petFeeder+5
0x0377	0x343A ;?ICS?lstr5_petFeeder+6
0x0378	0x3420 ;?ICS?lstr5_petFeeder+7
0x0379	0x3432 ;?ICS?lstr5_petFeeder+8
0x037A	0x3435 ;?ICS?lstr5_petFeeder+9
0x037B	0x3435 ;?ICS?lstr5_petFeeder+10
0x037C	0x3400 ;?ICS?lstr5_petFeeder+11
; end of ?ICS?lstr5_petFeeder
;petFeeder.c,0 :: ?ICS?lstr4_petFeeder
0x037D	0x3445 ;?ICS?lstr4_petFeeder+0
0x037E	0x3478 ;?ICS?lstr4_petFeeder+1
0x037F	0x3465 ;?ICS?lstr4_petFeeder+2
0x0380	0x3464 ;?ICS?lstr4_petFeeder+3
0x0381	0x3469 ;?ICS?lstr4_petFeeder+4
0x0382	0x346F ;?ICS?lstr4_petFeeder+5
0x0383	0x3420 ;?ICS?lstr4_petFeeder+6
0x0384	0x3465 ;?ICS?lstr4_petFeeder+7
0x0385	0x346C ;?ICS?lstr4_petFeeder+8
0x0386	0x3420 ;?ICS?lstr4_petFeeder+9
0x0387	0x346E ;?ICS?lstr4_petFeeder+10
0x0388	0x3475 ;?ICS?lstr4_petFeeder+11
0x0389	0x346D ;?ICS?lstr4_petFeeder+12
0x038A	0x3465 ;?ICS?lstr4_petFeeder+13
0x038B	0x3472 ;?ICS?lstr4_petFeeder+14
0x038C	0x346F ;?ICS?lstr4_petFeeder+15
0x038D	0x3420 ;?ICS?lstr4_petFeeder+16
0x038E	0x3400 ;?ICS?lstr4_petFeeder+17
; end of ?ICS?lstr4_petFeeder
;petFeeder.c,0 :: ?ICS?lstr3_petFeeder
0x038F	0x344E ;?ICS?lstr3_petFeeder+0
0x0390	0x3475 ;?ICS?lstr3_petFeeder+1
0x0391	0x346D ;?ICS?lstr3_petFeeder+2
0x0392	0x342E ;?ICS?lstr3_petFeeder+3
0x0393	0x3420 ;?ICS?lstr3_petFeeder+4
0x0394	0x3472 ;?ICS?lstr3_petFeeder+5
0x0395	0x3465 ;?ICS?lstr3_petFeeder+6
0x0396	0x3470 ;?ICS?lstr3_petFeeder+7
0x0397	0x3465 ;?ICS?lstr3_petFeeder+8
0x0398	0x3474 ;?ICS?lstr3_petFeeder+9
0x0399	0x3469 ;?ICS?lstr3_petFeeder+10
0x039A	0x3463 ;?ICS?lstr3_petFeeder+11
0x039B	0x3469 ;?ICS?lstr3_petFeeder+12
0x039C	0x346F ;?ICS?lstr3_petFeeder+13
0x039D	0x346E ;?ICS?lstr3_petFeeder+14
0x039E	0x3465 ;?ICS?lstr3_petFeeder+15
0x039F	0x3473 ;?ICS?lstr3_petFeeder+16
0x03A0	0x3400 ;?ICS?lstr3_petFeeder+17
; end of ?ICS?lstr3_petFeeder
;petFeeder.c,0 :: ?ICS?lstr7_petFeeder
0x03A1	0x3453 ;?ICS?lstr7_petFeeder+0
0x03A2	0x3441 ;?ICS?lstr7_petFeeder+1
0x03A3	0x344C ;?ICS?lstr7_petFeeder+2
0x03A4	0x3449 ;?ICS?lstr7_petFeeder+3
0x03A5	0x3400 ;?ICS?lstr7_petFeeder+4
; end of ?ICS?lstr7_petFeeder
;petFeeder.c,0 :: ?ICS?lstr6_petFeeder
0x03A6	0x344E ;?ICS?lstr6_petFeeder+0
0x03A7	0x3475 ;?ICS?lstr6_petFeeder+1
0x03A8	0x346D ;?ICS?lstr6_petFeeder+2
0x03A9	0x342E ;?ICS?lstr6_petFeeder+3
0x03AA	0x3420 ;?ICS?lstr6_petFeeder+4
0x03AB	0x3472 ;?ICS?lstr6_petFeeder+5
0x03AC	0x3465 ;?ICS?lstr6_petFeeder+6
0x03AD	0x3470 ;?ICS?lstr6_petFeeder+7
0x03AE	0x3465 ;?ICS?lstr6_petFeeder+8
0x03AF	0x3474 ;?ICS?lstr6_petFeeder+9
0x03B0	0x3469 ;?ICS?lstr6_petFeeder+10
0x03B1	0x3463 ;?ICS?lstr6_petFeeder+11
0x03B2	0x3469 ;?ICS?lstr6_petFeeder+12
0x03B3	0x346F ;?ICS?lstr6_petFeeder+13
0x03B4	0x346E ;?ICS?lstr6_petFeeder+14
0x03B5	0x3465 ;?ICS?lstr6_petFeeder+15
0x03B6	0x3473 ;?ICS?lstr6_petFeeder+16
0x03B7	0x3400 ;?ICS?lstr6_petFeeder+17
; end of ?ICS?lstr6_petFeeder
;petFeeder.c,0 :: ?ICS?lstr2_petFeeder
0x03B8	0x3443 ;?ICS?lstr2_petFeeder+0
0x03B9	0x346F ;?ICS?lstr2_petFeeder+1
0x03BA	0x346E ;?ICS?lstr2_petFeeder+2
0x03BB	0x3466 ;?ICS?lstr2_petFeeder+3
0x03BC	0x3469 ;?ICS?lstr2_petFeeder+4
0x03BD	0x3467 ;?ICS?lstr2_petFeeder+5
0x03BE	0x3475 ;?ICS?lstr2_petFeeder+6
0x03BF	0x3472 ;?ICS?lstr2_petFeeder+7
0x03C0	0x3465 ;?ICS?lstr2_petFeeder+8
0x03C1	0x3420 ;?ICS?lstr2_petFeeder+9
0x03C2	0x3473 ;?ICS?lstr2_petFeeder+10
0x03C3	0x3475 ;?ICS?lstr2_petFeeder+11
0x03C4	0x3420 ;?ICS?lstr2_petFeeder+12
0x03C5	0x3450 ;?ICS?lstr2_petFeeder+13
0x03C6	0x3465 ;?ICS?lstr2_petFeeder+14
0x03C7	0x3474 ;?ICS?lstr2_petFeeder+15
0x03C8	0x3446 ;?ICS?lstr2_petFeeder+16
0x03C9	0x3465 ;?ICS?lstr2_petFeeder+17
0x03CA	0x3465 ;?ICS?lstr2_petFeeder+18
0x03CB	0x3464 ;?ICS?lstr2_petFeeder+19
0x03CC	0x3465 ;?ICS?lstr2_petFeeder+20
0x03CD	0x3472 ;?ICS?lstr2_petFeeder+21
0x03CE	0x3400 ;?ICS?lstr2_petFeeder+22
; end of ?ICS?lstr2_petFeeder
;petFeeder.c,0 :: ?ICS?lstr1_petFeeder
0x03CF	0x342A ;?ICS?lstr1_petFeeder+0
0x03D0	0x342A ;?ICS?lstr1_petFeeder+1
0x03D1	0x342A ;?ICS?lstr1_petFeeder+2
0x03D2	0x342A ;?ICS?lstr1_petFeeder+3
0x03D3	0x342A ;?ICS?lstr1_petFeeder+4
0x03D4	0x342A ;?ICS?lstr1_petFeeder+5
0x03D5	0x3442 ;?ICS?lstr1_petFeeder+6
0x03D6	0x3469 ;?ICS?lstr1_petFeeder+7
0x03D7	0x3465 ;?ICS?lstr1_petFeeder+8
0x03D8	0x346E ;?ICS?lstr1_petFeeder+9
0x03D9	0x3476 ;?ICS?lstr1_petFeeder+10
0x03DA	0x3465 ;?ICS?lstr1_petFeeder+11
0x03DB	0x346E ;?ICS?lstr1_petFeeder+12
0x03DC	0x3469 ;?ICS?lstr1_petFeeder+13
0x03DD	0x3464 ;?ICS?lstr1_petFeeder+14
0x03DE	0x346F ;?ICS?lstr1_petFeeder+15
0x03DF	0x342A ;?ICS?lstr1_petFeeder+16
0x03E0	0x342A ;?ICS?lstr1_petFeeder+17
0x03E1	0x342A ;?ICS?lstr1_petFeeder+18
0x03E2	0x342A ;?ICS?lstr1_petFeeder+19
0x03E3	0x342A ;?ICS?lstr1_petFeeder+20
0x03E4	0x342A ;?ICS?lstr1_petFeeder+21
0x03E5	0x3400 ;?ICS?lstr1_petFeeder+22
; end of ?ICS?lstr1_petFeeder
Symbol List:
//** Routines locations **
//ADDRESS    SIZE    PROCEDURE
//----------------------------------------------
0x0003       [3]    _Delay_1us
0x0006       [7]    _Delay_50us
0x000D      [13]    _Delay_5500us
0x001A      [87]    _Lcd_Cmd
0x0071       [9]    _Lcd_Chr_CP
0x007A      [25]    _Mul_8x8_U
0x0093       [5]    _Keypad_Init
0x0098      [78]    _Lcd_Init
0x00E6      [14]    _limpiarTextNumero
0x00F4       [8]    _Delay_10us
0x00FC      [49]    _Keypad_Key_Press
0x012D       [7]    _____DoICP
0x0134      [15]    _Keypad_Key_Click
0x0143      [13]    _EEPROM_Read
0x0150      [67]    _Lcd_Out
0x0193      [12]    ___CC2DW
0x019F      [15]    _inicializar
0x01AE     [250]    _obtenerValorKeyPad
0x02A8     [195]    _main
//** Variables locations ** 
//ADDRESS    SIZE    VARIABLE
//----------------------------------------------
0x0000       [1]    INDF
0x0002       [1]    PCL
0x0003       [1]    STATUS
0x0004       [1]    FSR
0x0005       [0]    RA5_bit
0x0005       [0]    LCD_D6
0x0005       [0]    LCD_EN
0x0005       [0]    LCD_D5
0x0005       [0]    RA0_bit
0x0005       [0]    LCD_RS
0x0005       [0]    LCD_D7
0x0005       [0]    RA2_bit
0x0005       [0]    LCD_D4
0x0005       [0]    RA1_bit
0x0005       [0]    RA4_bit
0x0005       [0]    RA3_bit
0x0008       [1]    keypadPort
0x0008       [1]    PORTD
0x000A       [1]    PCLATH
0x0020      [12]    ?lstr5_petFeeder
0x002C      [18]    ?lstr4_petFeeder
0x003E      [18]    ?lstr3_petFeeder
0x0050       [5]    ?lstr7_petFeeder
0x0055      [18]    ?lstr6_petFeeder
0x0067       [1]    _contNumero
0x0068       [3]    _textNumero
0x006B       [1]    _numero
0x006C       [1]    _numeroRepeticiones
0x006D       [1]    _opcionTemporizador
0x006E       [1]    _kp
0x006F       [0]    __Lib_Lcd_cmd_status
0x0070       [1]    R0
0x0071       [1]    R1
0x0072       [1]    R2
0x0073       [1]    R3
0x0074       [1]    R4
0x0075       [1]    R5
0x0076       [1]    R6
0x0077       [1]    R7
0x0078       [1]    R8
0x0079       [1]    R9
0x007A       [1]    R10
0x007B       [1]    R11
0x007C       [1]    R12
0x007D       [1]    R13
0x007E       [1]    R14
0x007F       [1]    R15
0x0085       [0]    TRISA4_bit
0x0085       [0]    LCD_D6_Direction
0x0085       [0]    LCD_D7_Direction
0x0085       [0]    TRISA5_bit
0x0085       [0]    LCD_D4_Direction
0x0085       [0]    LCD_RS_Direction
0x0085       [0]    TRISA1_bit
0x0085       [0]    LCD_EN_Direction
0x0085       [0]    TRISA0_bit
0x0085       [0]    LCD_D5_Direction
0x0085       [0]    TRISA3_bit
0x0085       [0]    TRISA2_bit
0x00A0      [23]    ?lstr2_petFeeder
0x00B7      [23]    ?lstr1_petFeeder
0x00CE       [2]    ___DoICPAddr
0x00D0       [1]    _i
0x00D1       [1]    FARG_Lcd_Out_row
0x00D1       [1]    Keypad_Key_Click_rslt_L0
0x00D1       [1]    FARG_EEPROM_Read_Address
0x00D1       [1]    FARG_obtenerValorKeyPad__kp
0x00D2       [1]    FARG_Lcd_Out_column
0x00D2       [2]    obtenerValorKeyPad_resultado_L0
0x00D3       [1]    FARG_Lcd_Out_text
0x00D4       [1]    Lcd_Out_i_L0
0x00D5       [1]    FARG_Lcd_Chr_CP_out_char
0x00D5       [1]    Keypad_Key_Press_rslt_L0
0x00D6       [1]    Keypad_Key_Press_kdata_L0
0x00D7       [1]    Keypad_Key_Press_loc_L0
0x00D8       [1]    Keypad_Key_Press_rowcnt_L0
0x00D9       [1]    Keypad_Key_Press_shifter_L0
0x00DA       [1]    FARG_Lcd_Cmd_out_char
0x010C       [1]    EEDATA
0x010D       [1]    EEADR
0x0188       [1]    ANSEL
0x0189       [1]    ANSELH
0x018C       [1]    EECON1
//** Constants locations ** 
//ADDRESS    SIZE    CONSTANT
//----------------------------------------------
0x0371      [12]    ?ICS?lstr5_petFeeder
0x037D      [18]    ?ICS?lstr4_petFeeder
0x038F      [18]    ?ICS?lstr3_petFeeder
0x03A1       [5]    ?ICS?lstr7_petFeeder
0x03A6      [18]    ?ICS?lstr6_petFeeder
0x03B8      [23]    ?ICS?lstr2_petFeeder
0x03CF      [23]    ?ICS?lstr1_petFeeder
//** Label List: ** 
//----------------------------------------------
  L_limpiarTextNumero0
  L_limpiarTextNumero1
  L_limpiarTextNumero2
  L_obtenerValorKeyPad3
  L_obtenerValorKeyPad4
  L_obtenerValorKeyPad5
  L_obtenerValorKeyPad6
  L_obtenerValorKeyPad7
  L_obtenerValorKeyPad8
  L_obtenerValorKeyPad9
  L_obtenerValorKeyPad10
  L_obtenerValorKeyPad11
  L_obtenerValorKeyPad12
  L_obtenerValorKeyPad13
  L_obtenerValorKeyPad14
  L_obtenerValorKeyPad15
  L_obtenerValorKeyPad16
  L_obtenerValorKeyPad17
  L_obtenerValorKeyPad18
  L_obtenerValorKeyPad19
  L_obtenerValorKeyPad20
  L_main21
  L_main22
  L_main23
  L_main24
  L_main25
  L_main26
  L_main27
  L_main28
  L_main29
  L_main30
  L_main31
  L_main32
  L_main33
  L_main34
  L_main35
  L__main36
  L_end_inicializar
  _inicializar
  L_end_guardarRepeticiones
  _guardarRepeticiones
  L_end_limpiarTextNumero
  _limpiarTextNumero
  L_end_obtenerValorKeyPad
  _obtenerValorKeyPad
  L_end_main
  _main
  L__main42
  L_Delay_10us0
  L_Delay_22us1
  L_Delay_50us2
  L_Delay_80us3
  L_Delay_500us4
  L_Delay_5500us5
  L_Delay_1ms6
  L_Delay_5ms7
  L_Delay_8ms8
  L_Delay_10ms9
  L_Delay_100ms10
  L_Delay_1sec11
  L_boot16_Delay_5ms12
  L_Delay_Cyc13
  L_Delay_Cyc14
  L_VDelay_ms15
  L_VDelay_ms16
  L_VDelay_ms17
  L_VDelay_Advanced_ms18
  L_VDelay_Advanced_ms19
  L_VDelay_Advanced_ms20
  L_end_Get_Fosc_kHz
  _Get_Fosc_kHz
  L_end_Delay_1us
  _Delay_1us
  L_end_Delay_10us
  _Delay_10us
  L_end_Delay_22us
  _Delay_22us
  L_end_Delay_50us
  _Delay_50us
  L_end_Delay_80us
  _Delay_80us
  L_end_Delay_500us
  _Delay_500us
  L_end_Delay_5500us
  _Delay_5500us
  L_end_Delay_1ms
  _Delay_1ms
  L_end_Delay_5ms
  _Delay_5ms
  L_end_Delay_8ms
  _Delay_8ms
  L_end_Delay_10ms
  _Delay_10ms
  L_end_Delay_100ms
  _Delay_100ms
  L_end_Delay_1sec
  _Delay_1sec
  L_end_boot16_Delay_5ms
  _boot16_Delay_5ms
  L_end_Delay_Cyc
  _Delay_Cyc
  L_end_VDelay_ms
  _VDelay_ms
  L__VDelay_ms38
  L__VDelay_ms39
  L__VDelay_ms40
  L_end_VDelay_Advanced_ms
  _VDelay_Advanced_ms
  L__VDelay_Advanced_ms42
  L__VDelay_Advanced_ms43
  L__VDelay_Advanced_ms44
  L_EEPROM_Write0
  L_EEPROM_Write1
  L_end_EEPROM_Read
  _EEPROM_Read
  L_end_EEPROM_Write
  _EEPROM_Write
  L__EEPROM_Write4
  L__EEPROM_Write5
  L_Keypad_Key_Press0
  L_Keypad_Key_Press1
  L_Keypad_Key_Press2
  L_Keypad_Key_Press3
  L_Keypad_Key_Press4
  L_Keypad_Key_Click5
  L_Keypad_Key_Click6
  L_end_Keypad_Init
  _Keypad_Init
  L_end_Keypad_Key_Press
  _Keypad_Key_Press
  L_end_Keypad_Key_Click
  _Keypad_Key_Click
  L_Lcd_Cmd0
  L_Lcd_Cmd1
  L_Lcd_Out_CP2
  L_Lcd_Out_CP3
  L_Lcd_Chr4
  L_Lcd_Chr5
  L_Lcd_Chr6
  L_Lcd_Chr7
  L_Lcd_Chr8
  L_Lcd_Chr9
  L_Lcd_Chr10
  L_Lcd_Out11
  L_Lcd_Out12
  L_Lcd_Out13
  L_Lcd_Out14
  L_Lcd_Out15
  L_Lcd_Out16
  L_Lcd_Out17
  L_Lcd_Out18
  L_Lcd_Out19
  L_end_Lcd_Cmd
  _Lcd_Cmd
  L__Lcd_Cmd21
  L__Lcd_Cmd22
  L__Lcd_Cmd23
  L__Lcd_Cmd24
  L__Lcd_Cmd25
  L__Lcd_Cmd26
  L__Lcd_Cmd27
  L__Lcd_Cmd28
  L__Lcd_Cmd29
  L__Lcd_Cmd30
  L__Lcd_Cmd31
  L__Lcd_Cmd32
  L__Lcd_Cmd33
  L__Lcd_Cmd34
  L__Lcd_Cmd35
  L__Lcd_Cmd36
  L__Lcd_Cmd37
  L__Lcd_Cmd38
  L__Lcd_Cmd39
  L__Lcd_Cmd40
  L_end_Lcd_Chr_CP
  _Lcd_Chr_CP
  L_end_Lcd_Out_CP
  _Lcd_Out_CP
  L_end_Lcd_Chr
  _Lcd_Chr
  L_end_Lcd_Init
  _Lcd_Init
  L_end_Lcd_Out
  _Lcd_Out
  L_Div_16x16_S0
  L_Div_16x16_S1
  LOOPS3232A
  SADD22LA
  SOK22LA
  SADD22L8
  SOK22L8
  LOOPS3232B
  SADD22LB
  SOK22LB
  SADD22L16
  SOK22L16
  LOOPS3232C
  SADD22LC
  SOK22LC
  SADD22L24
  SOK22L24
  LOOPS3232D
  SADD22LD
  SOK22LD
  SOK22L
  L_Div_32x32_S6
  L_Div_32x32_S7
  L_Div_32x32_S8
  L_Div_32x32_S9
  FXD3232S
  END_ALL
  CA3232S
  C3232SX
  C3232SX1
  C3232S
  C3232S2
  C3232SX4
  C3232SOK
  C3232SX3
  C3232SX2
  avoid_comfrem
  LOOPU3232A
  UADD22LA
  UOK22LA
  UADD22L8
  UOK22L8
  LOOPU3232B
  UADD22LB
  UOK22LB
  UADD22L16
  UOK22L16
  LOOPU3232C
  UADD22LC
  UOK22LC
  UADD22L24
  UOK22L24
  LOOPU3232D
  UADD22LD
  UOK22LD
  UOK22L
  _NEXT
  _EXIT2
  _LOOP
  _EXIT1
  _IF_FIRST
  _IF_SECOND
  _INVERCE_FIRST
  _MULT
  _INBERSE_SECOND
  _EXIT
  L_end_Mul_8x8_U
  _Mul_8x8_U
  L_end_Mul_16x16_U
  _Mul_16x16_U
  L_end_Div_8x8_U
  _Div_8x8_U
  L_end_Div_16x16_U
  _Div_16x16_U
  L_end_Mul_8x8_S
  _Mul_8x8_S
  L_end_Mul_16x16_S
  _Mul_16x16_S
  L_end_Div_16x16_S_L
  _Div_16x16_S_L
  L_end_Div_16x16_S
  _Div_16x16_S
  L_end_Div_8x8_S
  _Div_8x8_S
  L_end_SDIV3232L
  _SDIV3232L
  L_end_COMFREM
  _COMFREM
  L_end_Div_32x32_S
  _Div_32x32_S
  L_end_Div_32x32_U
  _Div_32x32_U
  L_end_Mul_32x32_U
  _Mul_32x32_U
  L_end_Mul_32x32_S
  _Mul_32x32_S
  L_loopCA2AWs
  L_CA2AWend
  _CCA2AW_Loop1
  L_loopCS2Ss
  L_CS2Send
  _CCS2S_Loop1
  L_CCS2Send
  L_loopFZinSWs
  L_FZinSend
  _CC2D_Loop1
  L_end_____DoICP
  _____DoICP
  L_end_____DoIFC
  _____DoIFC
  L_end___CA2AW
  ___CA2AW
  L_end___CCA2AW
  ___CCA2AW
  L_end___CS2S
  ___CS2S
  L_end___CCS2S
  ___CCS2S
  L_end___FZinS
  ___FZinS
  L_end___CC2DW
  ___CC2DW
  L_end_Swap
  _Swap
