;  LST file generated by mikroListExporter - v.2.0 
; Date/Time: 24/01/2016 17:50:13
;----------------------------------------------

;Address Opcode 	ASM
0x0000	0x29E6      	GOTO       486
_Delay_1us:
;__Lib_Delays.c,7 :: 		void Delay_1us() {
;__Lib_Delays.c,8 :: 		Delay_us(1);
0x0003	0x0000      	NOP
0x0004	0x0000      	NOP
;__Lib_Delays.c,9 :: 		}
L_end_Delay_1us:
0x0005	0x0008      	RETURN
; end of _Delay_1us
_Delay_5500us:
;__Lib_Delays.c,31 :: 		void Delay_5500us() {
;__Lib_Delays.c,32 :: 		Delay_us(5500);
0x0006	0x300F      	MOVLW      15
0x0007	0x1283      	BCF        STATUS, 5
0x0008	0x1303      	BCF        STATUS, 6
0x0009	0x00FC      	MOVWF      R12
0x000A	0x3047      	MOVLW      71
0x000B	0x00FD      	MOVWF      R13
L_Delay_5500us5:
0x000C	0x0BFD      	DECFSZ     R13, 1
0x000D	0x280C      	GOTO       L_Delay_5500us5
0x000E	0x0BFC      	DECFSZ     R12, 1
0x000F	0x280C      	GOTO       L_Delay_5500us5
0x0010	0x0000      	NOP
0x0011	0x0000      	NOP
;__Lib_Delays.c,33 :: 		}
L_end_Delay_5500us:
0x0012	0x0008      	RETURN
; end of _Delay_5500us
_Delay_50us:
;__Lib_Delays.c,19 :: 		void Delay_50us() {
;__Lib_Delays.c,20 :: 		Delay_us(50);
0x0013	0x3021      	MOVLW      33
0x0014	0x1283      	BCF        STATUS, 5
0x0015	0x1303      	BCF        STATUS, 6
0x0016	0x00FD      	MOVWF      R13
L_Delay_50us2:
0x0017	0x0BFD      	DECFSZ     R13, 1
0x0018	0x2817      	GOTO       L_Delay_50us2
;__Lib_Delays.c,21 :: 		}
L_end_Delay_50us:
0x0019	0x0008      	RETURN
; end of _Delay_50us
_Lcd_Cmd:
;__Lib_Lcd.c,18 :: 		
;__Lib_Lcd.c,20 :: 		
0x001A	0x1283      	BCF        STATUS, 5
0x001B	0x1303      	BCF        STATUS, 6
0x001C	0x1BD1      	BTFSC      FARG_Lcd_Cmd_out_char, 7
0x001D	0x2820      	GOTO       L__Lcd_Cmd21
0x001E	0x1185      	BCF        LCD_D7, BitPos(LCD_D7+0)
0x001F	0x2821      	GOTO       L__Lcd_Cmd22
L__Lcd_Cmd21:
0x0020	0x1585      	BSF        LCD_D7, BitPos(LCD_D7+0)
L__Lcd_Cmd22:
;__Lib_Lcd.c,21 :: 		
0x0021	0x1B51      	BTFSC      FARG_Lcd_Cmd_out_char, 6
0x0022	0x2825      	GOTO       L__Lcd_Cmd23
0x0023	0x1105      	BCF        LCD_D6, BitPos(LCD_D6+0)
0x0024	0x2826      	GOTO       L__Lcd_Cmd24
L__Lcd_Cmd23:
0x0025	0x1505      	BSF        LCD_D6, BitPos(LCD_D6+0)
L__Lcd_Cmd24:
;__Lib_Lcd.c,22 :: 		
0x0026	0x1AD1      	BTFSC      FARG_Lcd_Cmd_out_char, 5
0x0027	0x282A      	GOTO       L__Lcd_Cmd25
0x0028	0x1085      	BCF        LCD_D5, BitPos(LCD_D5+0)
0x0029	0x282B      	GOTO       L__Lcd_Cmd26
L__Lcd_Cmd25:
0x002A	0x1485      	BSF        LCD_D5, BitPos(LCD_D5+0)
L__Lcd_Cmd26:
;__Lib_Lcd.c,23 :: 		
0x002B	0x1A51      	BTFSC      FARG_Lcd_Cmd_out_char, 4
0x002C	0x282F      	GOTO       L__Lcd_Cmd27
0x002D	0x1005      	BCF        LCD_D4, BitPos(LCD_D4+0)
0x002E	0x2830      	GOTO       L__Lcd_Cmd28
L__Lcd_Cmd27:
0x002F	0x1405      	BSF        LCD_D4, BitPos(LCD_D4+0)
L__Lcd_Cmd28:
;__Lib_Lcd.c,25 :: 		
0x0030	0x1843      	BTFSC      __Lib_Lcd_cmd_status, BitPos(__Lib_Lcd_cmd_status+0)
0x0031	0x2834      	GOTO       L__Lcd_Cmd29
0x0032	0x1605      	BSF        LCD_RS, BitPos(LCD_RS+0)
0x0033	0x2835      	GOTO       L__Lcd_Cmd30
L__Lcd_Cmd29:
0x0034	0x1205      	BCF        LCD_RS, BitPos(LCD_RS+0)
L__Lcd_Cmd30:
;__Lib_Lcd.c,28 :: 		
0x0035	0x1685      	BSF        LCD_EN, BitPos(LCD_EN+0)
;__Lib_Lcd.c,29 :: 		
0x0036	0x2003      	CALL       _Delay_1us
;__Lib_Lcd.c,30 :: 		
0x0037	0x1285      	BCF        LCD_EN, BitPos(LCD_EN+0)
;__Lib_Lcd.c,33 :: 		
0x0038	0x19D1      	BTFSC      FARG_Lcd_Cmd_out_char, 3
0x0039	0x283C      	GOTO       L__Lcd_Cmd31
0x003A	0x1185      	BCF        LCD_D7, BitPos(LCD_D7+0)
0x003B	0x283D      	GOTO       L__Lcd_Cmd32
L__Lcd_Cmd31:
0x003C	0x1585      	BSF        LCD_D7, BitPos(LCD_D7+0)
L__Lcd_Cmd32:
;__Lib_Lcd.c,34 :: 		
0x003D	0x1951      	BTFSC      FARG_Lcd_Cmd_out_char, 2
0x003E	0x2841      	GOTO       L__Lcd_Cmd33
0x003F	0x1105      	BCF        LCD_D6, BitPos(LCD_D6+0)
0x0040	0x2842      	GOTO       L__Lcd_Cmd34
L__Lcd_Cmd33:
0x0041	0x1505      	BSF        LCD_D6, BitPos(LCD_D6+0)
L__Lcd_Cmd34:
;__Lib_Lcd.c,35 :: 		
0x0042	0x18D1      	BTFSC      FARG_Lcd_Cmd_out_char, 1
0x0043	0x2846      	GOTO       L__Lcd_Cmd35
0x0044	0x1085      	BCF        LCD_D5, BitPos(LCD_D5+0)
0x0045	0x2847      	GOTO       L__Lcd_Cmd36
L__Lcd_Cmd35:
0x0046	0x1485      	BSF        LCD_D5, BitPos(LCD_D5+0)
L__Lcd_Cmd36:
;__Lib_Lcd.c,36 :: 		
0x0047	0x1851      	BTFSC      FARG_Lcd_Cmd_out_char, 0
0x0048	0x284B      	GOTO       L__Lcd_Cmd37
0x0049	0x1005      	BCF        LCD_D4, BitPos(LCD_D4+0)
0x004A	0x284C      	GOTO       L__Lcd_Cmd38
L__Lcd_Cmd37:
0x004B	0x1405      	BSF        LCD_D4, BitPos(LCD_D4+0)
L__Lcd_Cmd38:
;__Lib_Lcd.c,38 :: 		
0x004C	0x1843      	BTFSC      __Lib_Lcd_cmd_status, BitPos(__Lib_Lcd_cmd_status+0)
0x004D	0x2850      	GOTO       L__Lcd_Cmd39
0x004E	0x1605      	BSF        LCD_RS, BitPos(LCD_RS+0)
0x004F	0x2851      	GOTO       L__Lcd_Cmd40
L__Lcd_Cmd39:
0x0050	0x1205      	BCF        LCD_RS, BitPos(LCD_RS+0)
L__Lcd_Cmd40:
;__Lib_Lcd.c,40 :: 		
0x0051	0x1685      	BSF        LCD_EN, BitPos(LCD_EN+0)
;__Lib_Lcd.c,41 :: 		
0x0052	0x2003      	CALL       _Delay_1us
;__Lib_Lcd.c,42 :: 		
0x0053	0x1285      	BCF        LCD_EN, BitPos(LCD_EN+0)
;__Lib_Lcd.c,44 :: 		
0x0054	0x1C43      	BTFSS      __Lib_Lcd_cmd_status, BitPos(__Lib_Lcd_cmd_status+0)
0x0055	0x2858      	GOTO       L_Lcd_Cmd0
;__Lib_Lcd.c,45 :: 		
0x0056	0x2006      	CALL       _Delay_5500us
0x0057	0x2859      	GOTO       L_Lcd_Cmd1
L_Lcd_Cmd0:
;__Lib_Lcd.c,47 :: 		
0x0058	0x2013      	CALL       _Delay_50us
L_Lcd_Cmd1:
;__Lib_Lcd.c,48 :: 		
L_end_Lcd_Cmd:
0x0059	0x0008      	RETURN
; end of _Lcd_Cmd
_Keypad_Key_Press:
;__Lib_Keypad4x4.c,38 :: 		
;__Lib_Keypad4x4.c,42 :: 		
0x005A	0x1283      	BCF        STATUS, 5
0x005B	0x1303      	BCF        STATUS, 6
0x005C	0x01CC      	CLRF       Keypad_Key_Press_rslt_L0
;__Lib_Keypad4x4.c,43 :: 		
0x005D	0x01CE      	CLRF       Keypad_Key_Press_loc_L0
;__Lib_Keypad4x4.c,44 :: 		
0x005E	0x01CF      	CLRF       Keypad_Key_Press_rowcnt_L0
;__Lib_Keypad4x4.c,45 :: 		
0x005F	0x3010      	MOVLW      16
0x0060	0x00D0      	MOVWF      Keypad_Key_Press_shifter_L0
;__Lib_Keypad4x4.c,47 :: 		
L_Keypad_Key_Press0:
0x0061	0x3004      	MOVLW      4
0x0062	0x024F      	SUBWF      Keypad_Key_Press_rowcnt_L0, 0
0x0063	0x1803      	BTFSC      STATUS, 0
0x0064	0x2886      	GOTO       L_Keypad_Key_Press1
;__Lib_Keypad4x4.c,49 :: 		
0x0065	0x30F0      	MOVLW      240
0x0066	0x0088      	MOVWF      keypadPort
;__Lib_Keypad4x4.c,50 :: 		
0x0067	0x0950      	COMF       Keypad_Key_Press_shifter_L0, 0
0x0068	0x1683      	BSF        STATUS, 5
0x0069	0x0088      	MOVWF      keypadPort+128
;__Lib_Keypad4x4.c,54 :: 		
0x006A	0x2003      	CALL       _Delay_1us
;__Lib_Keypad4x4.c,55 :: 		
0x006B	0x2003      	CALL       _Delay_1us
;__Lib_Keypad4x4.c,56 :: 		
0x006C	0x300F      	MOVLW      15
0x006D	0x1283      	BCF        STATUS, 5
0x006E	0x0508      	ANDWF      keypadPort, 0
0x006F	0x00F0      	MOVWF      R0
0x0070	0x0870      	MOVF       R0, 0
0x0071	0x00CD      	MOVWF      Keypad_Key_Press_kdata_L0
;__Lib_Keypad4x4.c,57 :: 		
0x0072	0x0870      	MOVF       R0, 0
0x0073	0x1903      	BTFSC      STATUS, 2
0x0074	0x2880      	GOTO       L_Keypad_Key_Press2
;__Lib_Keypad4x4.c,59 :: 		
0x0075	0x084E      	MOVF       Keypad_Key_Press_loc_L0, 0
0x0076	0x00CC      	MOVWF      Keypad_Key_Press_rslt_L0
;__Lib_Keypad4x4.c,60 :: 		
L_Keypad_Key_Press3:
0x0077	0x084D      	MOVF       Keypad_Key_Press_kdata_L0, 0
0x0078	0x1903      	BTFSC      STATUS, 2
0x0079	0x287E      	GOTO       L_Keypad_Key_Press4
;__Lib_Keypad4x4.c,61 :: 		
0x007A	0x0CCD      	RRF        Keypad_Key_Press_kdata_L0, 1
0x007B	0x13CD      	BCF        Keypad_Key_Press_kdata_L0, 7
;__Lib_Keypad4x4.c,62 :: 		
0x007C	0x0ACC      	INCF       Keypad_Key_Press_rslt_L0, 1
;__Lib_Keypad4x4.c,63 :: 		
0x007D	0x2877      	GOTO       L_Keypad_Key_Press3
L_Keypad_Key_Press4:
;__Lib_Keypad4x4.c,65 :: 		
0x007E	0x3004      	MOVLW      4
0x007F	0x00CF      	MOVWF      Keypad_Key_Press_rowcnt_L0
;__Lib_Keypad4x4.c,66 :: 		
L_Keypad_Key_Press2:
;__Lib_Keypad4x4.c,67 :: 		
0x0080	0x0DD0      	RLF        Keypad_Key_Press_shifter_L0, 1
0x0081	0x1050      	BCF        Keypad_Key_Press_shifter_L0, 0
;__Lib_Keypad4x4.c,68 :: 		
0x0082	0x3004      	MOVLW      4
0x0083	0x07CE      	ADDWF      Keypad_Key_Press_loc_L0, 1
;__Lib_Keypad4x4.c,69 :: 		
0x0084	0x0ACF      	INCF       Keypad_Key_Press_rowcnt_L0, 1
;__Lib_Keypad4x4.c,70 :: 		
0x0085	0x2861      	GOTO       L_Keypad_Key_Press0
L_Keypad_Key_Press1:
;__Lib_Keypad4x4.c,72 :: 		
0x0086	0x084C      	MOVF       Keypad_Key_Press_rslt_L0, 0
0x0087	0x00F0      	MOVWF      R0
;__Lib_Keypad4x4.c,73 :: 		
L_end_Keypad_Key_Press:
0x0088	0x0008      	RETURN
; end of _Keypad_Key_Press
_Delay_10us:
;__Lib_Delays.c,11 :: 		void Delay_10us() {
;__Lib_Delays.c,12 :: 		Delay_us(10);
0x0089	0x3006      	MOVLW      6
0x008A	0x1283      	BCF        STATUS, 5
0x008B	0x1303      	BCF        STATUS, 6
0x008C	0x00FD      	MOVWF      R13
L_Delay_10us0:
0x008D	0x0BFD      	DECFSZ     R13, 1
0x008E	0x288D      	GOTO       L_Delay_10us0
0x008F	0x0000      	NOP
;__Lib_Delays.c,13 :: 		}
L_end_Delay_10us:
0x0090	0x0008      	RETURN
; end of _Delay_10us
_____DoICP:
;__Lib_System.c,6 :: 		
;__Lib_System.c,9 :: 		
0x0091	0x1283      	BCF        STATUS, 5
0x0092	0x1303      	BCF        STATUS, 6
0x0093	0x0840      	MOVF       ___DoICPAddr+1, 0
0x0094	0x008A      	MOVWF      PCLATH
;__Lib_System.c,10 :: 		
0x0095	0x083F      	MOVF       ___DoICPAddr, 0
0x0096	0x0082      	MOVWF      PCL
;__Lib_System.c,12 :: 		
L_end_____DoICP:
0x0097	0x0008      	RETURN
; end of _____DoICP
_Div_8x8_U:
;__Lib_Math.c,189 :: 		
;__Lib_Math.c,196 :: 		
0x0098	0x1283      	BCF        STATUS, 5
;__Lib_Math.c,197 :: 		
0x0099	0x1303      	BCF        STATUS, 6
;__Lib_Math.c,198 :: 		
0x009A	0x01F8      	CLRF       R8
;__Lib_Math.c,199 :: 		
0x009B	0x3008      	MOVLW      8
;__Lib_Math.c,200 :: 		
0x009C	0x00FC      	MOVWF      R12
;__Lib_Math.c,201 :: 		
0x009D	0x0D70      	RLF        R0, 0
;__Lib_Math.c,202 :: 		
0x009E	0x0DF8      	RLF        R8, 1
;__Lib_Math.c,203 :: 		
0x009F	0x0874      	MOVF       R4, 0
;__Lib_Math.c,204 :: 		
0x00A0	0x02F8      	SUBWF      R8, 1
;__Lib_Math.c,205 :: 		
0x00A1	0x1803      	BTFSC      STATUS, 0
;__Lib_Math.c,206 :: 		
0x00A2	0x28A5      	GOTO       $+3
;__Lib_Math.c,207 :: 		
0x00A3	0x07F8      	ADDWF      R8, 1
;__Lib_Math.c,208 :: 		
0x00A4	0x1003      	BCF        STATUS, 0
;__Lib_Math.c,209 :: 		
0x00A5	0x0DF0      	RLF        R0, 1
;__Lib_Math.c,210 :: 		
0x00A6	0x0BFC      	DECFSZ     R12, 1
;__Lib_Math.c,211 :: 		
0x00A7	0x289D      	GOTO       $-10
;__Lib_Math.c,213 :: 		
L_end_Div_8x8_U:
0x00A8	0x0008      	RETURN
; end of _Div_8x8_U
_Lcd_Chr_CP:
;__Lib_Lcd.c,50 :: 		
;__Lib_Lcd.c,52 :: 		
0x00A9	0x1283      	BCF        STATUS, 5
0x00AA	0x1303      	BCF        STATUS, 6
0x00AB	0x1043      	BCF        __Lib_Lcd_cmd_status, BitPos(__Lib_Lcd_cmd_status+0)
;__Lib_Lcd.c,53 :: 		
0x00AC	0x084C      	MOVF       FARG_Lcd_Chr_CP_out_char, 0
0x00AD	0x00D1      	MOVWF      FARG_Lcd_Cmd_out_char
0x00AE	0x201A      	CALL       _Lcd_Cmd
;__Lib_Lcd.c,54 :: 		
0x00AF	0x1443      	BSF        __Lib_Lcd_cmd_status, BitPos(__Lib_Lcd_cmd_status+0)
;__Lib_Lcd.c,55 :: 		
L_end_Lcd_Chr_CP:
0x00B0	0x0008      	RETURN
; end of _Lcd_Chr_CP
_ByteToStr:
;__Lib_Conversions.c,66 :: 		
;__Lib_Conversions.c,69 :: 		
0x00B1	0x1283      	BCF        STATUS, 5
0x00B2	0x1303      	BCF        STATUS, 6
0x00B3	0x01CA      	CLRF       ByteToStr_DigitPos_L0
L_ByteToStr0:
0x00B4	0x3003      	MOVLW      3
0x00B5	0x024A      	SUBWF      ByteToStr_DigitPos_L0, 0
0x00B6	0x1803      	BTFSC      STATUS, 0
0x00B7	0x28BF      	GOTO       L_ByteToStr1
;__Lib_Conversions.c,70 :: 		
0x00B8	0x084A      	MOVF       ByteToStr_DigitPos_L0, 0
0x00B9	0x0749      	ADDWF      FARG_ByteToStr_output, 0
0x00BA	0x0084      	MOVWF      FSR
0x00BB	0x3020      	MOVLW      32
0x00BC	0x0080      	MOVWF      INDF
;__Lib_Conversions.c,69 :: 		
0x00BD	0x0ACA      	INCF       ByteToStr_DigitPos_L0, 1
;__Lib_Conversions.c,70 :: 		
0x00BE	0x28B4      	GOTO       L_ByteToStr0
L_ByteToStr1:
;__Lib_Conversions.c,72 :: 		
0x00BF	0x084A      	MOVF       ByteToStr_DigitPos_L0, 0
0x00C0	0x0749      	ADDWF      FARG_ByteToStr_output, 0
0x00C1	0x0084      	MOVWF      FSR
0x00C2	0x0180      	CLRF       INDF
0x00C3	0x03CA      	DECF       ByteToStr_DigitPos_L0, 1
;__Lib_Conversions.c,74 :: 		
L_ByteToStr3:
;__Lib_Conversions.c,75 :: 		
0x00C4	0x084A      	MOVF       ByteToStr_DigitPos_L0, 0
0x00C5	0x0749      	ADDWF      FARG_ByteToStr_output, 0
0x00C6	0x00CB      	MOVWF      FLOC__ByteToStr
0x00C7	0x300A      	MOVLW      10
0x00C8	0x00F4      	MOVWF      R4
0x00C9	0x0848      	MOVF       FARG_ByteToStr_input, 0
0x00CA	0x00F0      	MOVWF      R0
0x00CB	0x2098      	CALL       _Div_8x8_U
0x00CC	0x0878      	MOVF       R8, 0
0x00CD	0x00F0      	MOVWF      R0
0x00CE	0x3030      	MOVLW      48
0x00CF	0x07F0      	ADDWF      R0, 1
0x00D0	0x084B      	MOVF       FLOC__ByteToStr, 0
0x00D1	0x0084      	MOVWF      FSR
0x00D2	0x0870      	MOVF       R0, 0
0x00D3	0x0080      	MOVWF      INDF
;__Lib_Conversions.c,76 :: 		
0x00D4	0x300A      	MOVLW      10
0x00D5	0x00F4      	MOVWF      R4
0x00D6	0x0848      	MOVF       FARG_ByteToStr_input, 0
0x00D7	0x00F0      	MOVWF      R0
0x00D8	0x2098      	CALL       _Div_8x8_U
0x00D9	0x0870      	MOVF       R0, 0
0x00DA	0x00C8      	MOVWF      FARG_ByteToStr_input
;__Lib_Conversions.c,77 :: 		
0x00DB	0x0870      	MOVF       R0, 0
0x00DC	0x3A00      	XORLW      0
0x00DD	0x1D03      	BTFSS      STATUS, 2
0x00DE	0x28E0      	GOTO       L_ByteToStr5
;__Lib_Conversions.c,78 :: 		
0x00DF	0x28E2      	GOTO       L_ByteToStr4
L_ByteToStr5:
;__Lib_Conversions.c,79 :: 		
0x00E0	0x03CA      	DECF       ByteToStr_DigitPos_L0, 1
;__Lib_Conversions.c,80 :: 		
0x00E1	0x28C4      	GOTO       L_ByteToStr3
L_ByteToStr4:
;__Lib_Conversions.c,81 :: 		
L_end_ByteToStr:
0x00E2	0x0008      	RETURN
; end of _ByteToStr
_Lcd_Init:
;__Lib_Lcd.c,84 :: 		
;__Lib_Lcd.c,86 :: 		
0x00E3	0x1683      	BSF        STATUS, 5
0x00E4	0x1303      	BCF        STATUS, 6
0x00E5	0x1285      	BCF        LCD_EN_Direction, BitPos(LCD_EN_Direction+0)
;__Lib_Lcd.c,87 :: 		
0x00E6	0x1205      	BCF        LCD_RS_Direction, BitPos(LCD_RS_Direction+0)
;__Lib_Lcd.c,88 :: 		
0x00E7	0x1005      	BCF        LCD_D4_Direction, BitPos(LCD_D4_Direction+0)
;__Lib_Lcd.c,89 :: 		
0x00E8	0x1085      	BCF        LCD_D5_Direction, BitPos(LCD_D5_Direction+0)
;__Lib_Lcd.c,90 :: 		
0x00E9	0x1105      	BCF        LCD_D6_Direction, BitPos(LCD_D6_Direction+0)
;__Lib_Lcd.c,91 :: 		
0x00EA	0x1185      	BCF        LCD_D7_Direction, BitPos(LCD_D7_Direction+0)
;__Lib_Lcd.c,93 :: 		
0x00EB	0x1283      	BCF        STATUS, 5
0x00EC	0x1285      	BCF        LCD_EN, BitPos(LCD_EN+0)
;__Lib_Lcd.c,94 :: 		
0x00ED	0x1205      	BCF        LCD_RS, BitPos(LCD_RS+0)
;__Lib_Lcd.c,95 :: 		
0x00EE	0x1185      	BCF        LCD_D7, BitPos(LCD_D7+0)
;__Lib_Lcd.c,96 :: 		
0x00EF	0x1105      	BCF        LCD_D6, BitPos(LCD_D6+0)
;__Lib_Lcd.c,97 :: 		
0x00F0	0x1085      	BCF        LCD_D5, BitPos(LCD_D5+0)
;__Lib_Lcd.c,98 :: 		
0x00F1	0x1005      	BCF        LCD_D4, BitPos(LCD_D4+0)
;__Lib_Lcd.c,100 :: 		
0x00F2	0x2006      	CALL       _Delay_5500us
;__Lib_Lcd.c,101 :: 		
0x00F3	0x2006      	CALL       _Delay_5500us
;__Lib_Lcd.c,102 :: 		
0x00F4	0x2006      	CALL       _Delay_5500us
;__Lib_Lcd.c,105 :: 		
0x00F5	0x1485      	BSF        LCD_D5, BitPos(LCD_D5+0)
;__Lib_Lcd.c,106 :: 		
0x00F6	0x1405      	BSF        LCD_D4, BitPos(LCD_D4+0)
;__Lib_Lcd.c,107 :: 		
0x00F7	0x1685      	BSF        LCD_EN, BitPos(LCD_EN+0)
;__Lib_Lcd.c,108 :: 		
0x00F8	0x2003      	CALL       _Delay_1us
;__Lib_Lcd.c,109 :: 		
0x00F9	0x1285      	BCF        LCD_EN, BitPos(LCD_EN+0)
;__Lib_Lcd.c,110 :: 		
0x00FA	0x2006      	CALL       _Delay_5500us
;__Lib_Lcd.c,112 :: 		
0x00FB	0x1685      	BSF        LCD_EN, BitPos(LCD_EN+0)
;__Lib_Lcd.c,113 :: 		
0x00FC	0x2003      	CALL       _Delay_1us
;__Lib_Lcd.c,114 :: 		
0x00FD	0x1285      	BCF        LCD_EN, BitPos(LCD_EN+0)
;__Lib_Lcd.c,115 :: 		
0x00FE	0x2006      	CALL       _Delay_5500us
;__Lib_Lcd.c,117 :: 		
0x00FF	0x1685      	BSF        LCD_EN, BitPos(LCD_EN+0)
;__Lib_Lcd.c,118 :: 		
0x0100	0x2003      	CALL       _Delay_1us
;__Lib_Lcd.c,119 :: 		
0x0101	0x1285      	BCF        LCD_EN, BitPos(LCD_EN+0)
;__Lib_Lcd.c,120 :: 		
0x0102	0x2006      	CALL       _Delay_5500us
;__Lib_Lcd.c,123 :: 		
0x0103	0x1005      	BCF        LCD_D4, BitPos(LCD_D4+0)
;__Lib_Lcd.c,124 :: 		
0x0104	0x1685      	BSF        LCD_EN, BitPos(LCD_EN+0)
;__Lib_Lcd.c,125 :: 		
0x0105	0x2003      	CALL       _Delay_1us
;__Lib_Lcd.c,126 :: 		
0x0106	0x1285      	BCF        LCD_EN, BitPos(LCD_EN+0)
;__Lib_Lcd.c,127 :: 		
0x0107	0x2006      	CALL       _Delay_5500us
;__Lib_Lcd.c,130 :: 		
0x0108	0x1685      	BSF        LCD_EN, BitPos(LCD_EN+0)
;__Lib_Lcd.c,131 :: 		
0x0109	0x2003      	CALL       _Delay_1us
;__Lib_Lcd.c,132 :: 		
0x010A	0x1285      	BCF        LCD_EN, BitPos(LCD_EN+0)
;__Lib_Lcd.c,134 :: 		
0x010B	0x1085      	BCF        LCD_D5, BitPos(LCD_D5+0)
;__Lib_Lcd.c,135 :: 		
0x010C	0x1585      	BSF        LCD_D7, BitPos(LCD_D7+0)
;__Lib_Lcd.c,136 :: 		
0x010D	0x1685      	BSF        LCD_EN, BitPos(LCD_EN+0)
;__Lib_Lcd.c,137 :: 		
0x010E	0x2003      	CALL       _Delay_1us
;__Lib_Lcd.c,138 :: 		
0x010F	0x1285      	BCF        LCD_EN, BitPos(LCD_EN+0)
;__Lib_Lcd.c,139 :: 		
0x0110	0x2006      	CALL       _Delay_5500us
;__Lib_Lcd.c,142 :: 		
0x0111	0x1185      	BCF        LCD_D7, BitPos(LCD_D7+0)
;__Lib_Lcd.c,143 :: 		
0x0112	0x1405      	BSF        LCD_D4, BitPos(LCD_D4+0)
;__Lib_Lcd.c,144 :: 		
0x0113	0x1685      	BSF        LCD_EN, BitPos(LCD_EN+0)
;__Lib_Lcd.c,145 :: 		
0x0114	0x2003      	CALL       _Delay_1us
;__Lib_Lcd.c,146 :: 		
0x0115	0x1285      	BCF        LCD_EN, BitPos(LCD_EN+0)
;__Lib_Lcd.c,148 :: 		
0x0116	0x1005      	BCF        LCD_D4, BitPos(LCD_D4+0)
;__Lib_Lcd.c,149 :: 		
0x0117	0x1685      	BSF        LCD_EN, BitPos(LCD_EN+0)
;__Lib_Lcd.c,150 :: 		
0x0118	0x2003      	CALL       _Delay_1us
;__Lib_Lcd.c,151 :: 		
0x0119	0x1285      	BCF        LCD_EN, BitPos(LCD_EN+0)
;__Lib_Lcd.c,152 :: 		
0x011A	0x2006      	CALL       _Delay_5500us
;__Lib_Lcd.c,155 :: 		
0x011B	0x1685      	BSF        LCD_EN, BitPos(LCD_EN+0)
;__Lib_Lcd.c,156 :: 		
0x011C	0x2003      	CALL       _Delay_1us
;__Lib_Lcd.c,157 :: 		
0x011D	0x1285      	BCF        LCD_EN, BitPos(LCD_EN+0)
;__Lib_Lcd.c,159 :: 		
0x011E	0x1405      	BSF        LCD_D4, BitPos(LCD_D4+0)
;__Lib_Lcd.c,160 :: 		
0x011F	0x1685      	BSF        LCD_EN, BitPos(LCD_EN+0)
;__Lib_Lcd.c,161 :: 		
0x0120	0x2003      	CALL       _Delay_1us
;__Lib_Lcd.c,162 :: 		
0x0121	0x1285      	BCF        LCD_EN, BitPos(LCD_EN+0)
;__Lib_Lcd.c,163 :: 		
0x0122	0x2006      	CALL       _Delay_5500us
;__Lib_Lcd.c,166 :: 		
0x0123	0x1005      	BCF        LCD_D4, BitPos(LCD_D4+0)
;__Lib_Lcd.c,167 :: 		
0x0124	0x1685      	BSF        LCD_EN, BitPos(LCD_EN+0)
;__Lib_Lcd.c,168 :: 		
0x0125	0x2003      	CALL       _Delay_1us
;__Lib_Lcd.c,169 :: 		
0x0126	0x1285      	BCF        LCD_EN, BitPos(LCD_EN+0)
;__Lib_Lcd.c,171 :: 		
0x0127	0x1585      	BSF        LCD_D7, BitPos(LCD_D7+0)
;__Lib_Lcd.c,172 :: 		
0x0128	0x1505      	BSF        LCD_D6, BitPos(LCD_D6+0)
;__Lib_Lcd.c,173 :: 		
0x0129	0x1485      	BSF        LCD_D5, BitPos(LCD_D5+0)
;__Lib_Lcd.c,174 :: 		
0x012A	0x1405      	BSF        LCD_D4, BitPos(LCD_D4+0)
;__Lib_Lcd.c,175 :: 		
0x012B	0x1685      	BSF        LCD_EN, BitPos(LCD_EN+0)
;__Lib_Lcd.c,176 :: 		
0x012C	0x2003      	CALL       _Delay_1us
;__Lib_Lcd.c,177 :: 		
0x012D	0x1285      	BCF        LCD_EN, BitPos(LCD_EN+0)
;__Lib_Lcd.c,179 :: 		
0x012E	0x2006      	CALL       _Delay_5500us
;__Lib_Lcd.c,181 :: 		
0x012F	0x1443      	BSF        __Lib_Lcd_cmd_status, BitPos(__Lib_Lcd_cmd_status+0)
;__Lib_Lcd.c,182 :: 		
L_end_Lcd_Init:
0x0130	0x0008      	RETURN
; end of _Lcd_Init
_Lcd_Chr:
;__Lib_Lcd.c,65 :: 		
;__Lib_Lcd.c,66 :: 		
0x0131	0x2943      	GOTO       L_Lcd_Chr4
;__Lib_Lcd.c,67 :: 		
L_Lcd_Chr6:
0x0132	0x3080      	MOVLW      128
0x0133	0x1283      	BCF        STATUS, 5
0x0134	0x1303      	BCF        STATUS, 6
0x0135	0x00C8      	MOVWF      FARG_Lcd_Chr_row
0x0136	0x2956      	GOTO       L_Lcd_Chr5
;__Lib_Lcd.c,68 :: 		
L_Lcd_Chr7:
0x0137	0x30C0      	MOVLW      192
0x0138	0x00C8      	MOVWF      FARG_Lcd_Chr_row
0x0139	0x2956      	GOTO       L_Lcd_Chr5
;__Lib_Lcd.c,69 :: 		
L_Lcd_Chr8:
0x013A	0x3094      	MOVLW      148
0x013B	0x00C8      	MOVWF      FARG_Lcd_Chr_row
0x013C	0x2956      	GOTO       L_Lcd_Chr5
;__Lib_Lcd.c,70 :: 		
L_Lcd_Chr9:
0x013D	0x30D4      	MOVLW      212
0x013E	0x00C8      	MOVWF      FARG_Lcd_Chr_row
0x013F	0x2956      	GOTO       L_Lcd_Chr5
;__Lib_Lcd.c,71 :: 		
L_Lcd_Chr10:
0x0140	0x3080      	MOVLW      128
0x0141	0x00C8      	MOVWF      FARG_Lcd_Chr_row
;__Lib_Lcd.c,72 :: 		
0x0142	0x2956      	GOTO       L_Lcd_Chr5
L_Lcd_Chr4:
0x0143	0x1283      	BCF        STATUS, 5
0x0144	0x1303      	BCF        STATUS, 6
0x0145	0x0848      	MOVF       FARG_Lcd_Chr_row, 0
0x0146	0x3A01      	XORLW      1
0x0147	0x1903      	BTFSC      STATUS, 2
0x0148	0x2932      	GOTO       L_Lcd_Chr6
0x0149	0x0848      	MOVF       FARG_Lcd_Chr_row, 0
0x014A	0x3A02      	XORLW      2
0x014B	0x1903      	BTFSC      STATUS, 2
0x014C	0x2937      	GOTO       L_Lcd_Chr7
0x014D	0x0848      	MOVF       FARG_Lcd_Chr_row, 0
0x014E	0x3A03      	XORLW      3
0x014F	0x1903      	BTFSC      STATUS, 2
0x0150	0x293A      	GOTO       L_Lcd_Chr8
0x0151	0x0848      	MOVF       FARG_Lcd_Chr_row, 0
0x0152	0x3A04      	XORLW      4
0x0153	0x1903      	BTFSC      STATUS, 2
0x0154	0x293D      	GOTO       L_Lcd_Chr9
0x0155	0x2940      	GOTO       L_Lcd_Chr10
L_Lcd_Chr5:
;__Lib_Lcd.c,74 :: 		
0x0156	0x0349      	DECF       FARG_Lcd_Chr_column, 0
0x0157	0x00F0      	MOVWF      R0
0x0158	0x0848      	MOVF       FARG_Lcd_Chr_row, 0
0x0159	0x07F0      	ADDWF      R0, 1
0x015A	0x0870      	MOVF       R0, 0
0x015B	0x00C8      	MOVWF      FARG_Lcd_Chr_row
;__Lib_Lcd.c,76 :: 		
0x015C	0x1443      	BSF        __Lib_Lcd_cmd_status, BitPos(__Lib_Lcd_cmd_status+0)
;__Lib_Lcd.c,77 :: 		
0x015D	0x0870      	MOVF       R0, 0
0x015E	0x00D1      	MOVWF      FARG_Lcd_Cmd_out_char
0x015F	0x201A      	CALL       _Lcd_Cmd
;__Lib_Lcd.c,79 :: 		
0x0160	0x1043      	BCF        __Lib_Lcd_cmd_status, BitPos(__Lib_Lcd_cmd_status+0)
;__Lib_Lcd.c,80 :: 		
0x0161	0x084A      	MOVF       FARG_Lcd_Chr_out_char, 0
0x0162	0x00D1      	MOVWF      FARG_Lcd_Cmd_out_char
0x0163	0x201A      	CALL       _Lcd_Cmd
;__Lib_Lcd.c,81 :: 		
0x0164	0x1443      	BSF        __Lib_Lcd_cmd_status, BitPos(__Lib_Lcd_cmd_status+0)
;__Lib_Lcd.c,82 :: 		
L_end_Lcd_Chr:
0x0165	0x0008      	RETURN
; end of _Lcd_Chr
_UART1_Read:
;__Lib_UART_c67.c,21 :: 		
;__Lib_UART_c67.c,24 :: 		
0x0166	0x1283      	BCF        STATUS, 5
0x0167	0x1303      	BCF        STATUS, 6
0x0168	0x081A      	MOVF       RCREG, 0
0x0169	0x00F1      	MOVWF      R1
;__Lib_UART_c67.c,25 :: 		
0x016A	0x1C98      	BTFSS      RCSTA, 1
0x016B	0x296E      	GOTO       L_UART1_Read2
;__Lib_UART_c67.c,26 :: 		
0x016C	0x1218      	BCF        RCSTA, 4
;__Lib_UART_c67.c,27 :: 		
0x016D	0x1618      	BSF        RCSTA, 4
;__Lib_UART_c67.c,28 :: 		
L_UART1_Read2:
;__Lib_UART_c67.c,29 :: 		
0x016E	0x0871      	MOVF       R1, 0
0x016F	0x00F0      	MOVWF      R0
;__Lib_UART_c67.c,30 :: 		
L_end_UART1_Read:
0x0170	0x0008      	RETURN
; end of _UART1_Read
_Lcd_Out:
;__Lib_Lcd.c,184 :: 		
;__Lib_Lcd.c,187 :: 		
0x0171	0x2983      	GOTO       L_Lcd_Out11
;__Lib_Lcd.c,188 :: 		
L_Lcd_Out13:
0x0172	0x3080      	MOVLW      128
0x0173	0x1283      	BCF        STATUS, 5
0x0174	0x1303      	BCF        STATUS, 6
0x0175	0x00C8      	MOVWF      FARG_Lcd_Out_row
0x0176	0x2996      	GOTO       L_Lcd_Out12
;__Lib_Lcd.c,189 :: 		
L_Lcd_Out14:
0x0177	0x30C0      	MOVLW      192
0x0178	0x00C8      	MOVWF      FARG_Lcd_Out_row
0x0179	0x2996      	GOTO       L_Lcd_Out12
;__Lib_Lcd.c,190 :: 		
L_Lcd_Out15:
0x017A	0x3094      	MOVLW      148
0x017B	0x00C8      	MOVWF      FARG_Lcd_Out_row
0x017C	0x2996      	GOTO       L_Lcd_Out12
;__Lib_Lcd.c,191 :: 		
L_Lcd_Out16:
0x017D	0x30D4      	MOVLW      212
0x017E	0x00C8      	MOVWF      FARG_Lcd_Out_row
0x017F	0x2996      	GOTO       L_Lcd_Out12
;__Lib_Lcd.c,192 :: 		
L_Lcd_Out17:
0x0180	0x3080      	MOVLW      128
0x0181	0x00C8      	MOVWF      FARG_Lcd_Out_row
;__Lib_Lcd.c,193 :: 		
0x0182	0x2996      	GOTO       L_Lcd_Out12
L_Lcd_Out11:
0x0183	0x1283      	BCF        STATUS, 5
0x0184	0x1303      	BCF        STATUS, 6
0x0185	0x0848      	MOVF       FARG_Lcd_Out_row, 0
0x0186	0x3A01      	XORLW      1
0x0187	0x1903      	BTFSC      STATUS, 2
0x0188	0x2972      	GOTO       L_Lcd_Out13
0x0189	0x0848      	MOVF       FARG_Lcd_Out_row, 0
0x018A	0x3A02      	XORLW      2
0x018B	0x1903      	BTFSC      STATUS, 2
0x018C	0x2977      	GOTO       L_Lcd_Out14
0x018D	0x0848      	MOVF       FARG_Lcd_Out_row, 0
0x018E	0x3A03      	XORLW      3
0x018F	0x1903      	BTFSC      STATUS, 2
0x0190	0x297A      	GOTO       L_Lcd_Out15
0x0191	0x0848      	MOVF       FARG_Lcd_Out_row, 0
0x0192	0x3A04      	XORLW      4
0x0193	0x1903      	BTFSC      STATUS, 2
0x0194	0x297D      	GOTO       L_Lcd_Out16
0x0195	0x2980      	GOTO       L_Lcd_Out17
L_Lcd_Out12:
;__Lib_Lcd.c,194 :: 		
0x0196	0x0349      	DECF       FARG_Lcd_Out_column, 0
0x0197	0x00F0      	MOVWF      R0
0x0198	0x0848      	MOVF       FARG_Lcd_Out_row, 0
0x0199	0x07F0      	ADDWF      R0, 1
0x019A	0x0870      	MOVF       R0, 0
0x019B	0x00C8      	MOVWF      FARG_Lcd_Out_row
;__Lib_Lcd.c,196 :: 		
0x019C	0x0870      	MOVF       R0, 0
0x019D	0x00D1      	MOVWF      FARG_Lcd_Cmd_out_char
0x019E	0x201A      	CALL       _Lcd_Cmd
;__Lib_Lcd.c,197 :: 		
0x019F	0x1043      	BCF        __Lib_Lcd_cmd_status, BitPos(__Lib_Lcd_cmd_status+0)
;__Lib_Lcd.c,198 :: 		
0x01A0	0x01CB      	CLRF       Lcd_Out_i_L0
;__Lib_Lcd.c,199 :: 		
L_Lcd_Out18:
0x01A1	0x084B      	MOVF       Lcd_Out_i_L0, 0
0x01A2	0x074A      	ADDWF      FARG_Lcd_Out_text, 0
0x01A3	0x0084      	MOVWF      FSR
0x01A4	0x0800      	MOVF       INDF, 0
0x01A5	0x1903      	BTFSC      STATUS, 2
0x01A6	0x29AF      	GOTO       L_Lcd_Out19
;__Lib_Lcd.c,200 :: 		
0x01A7	0x084B      	MOVF       Lcd_Out_i_L0, 0
0x01A8	0x074A      	ADDWF      FARG_Lcd_Out_text, 0
0x01A9	0x0084      	MOVWF      FSR
0x01AA	0x0800      	MOVF       INDF, 0
0x01AB	0x00CC      	MOVWF      FARG_Lcd_Chr_CP_out_char
0x01AC	0x20A9      	CALL       _Lcd_Chr_CP
0x01AD	0x0ACB      	INCF       Lcd_Out_i_L0, 1
0x01AE	0x29A1      	GOTO       L_Lcd_Out18
L_Lcd_Out19:
;__Lib_Lcd.c,201 :: 		
0x01AF	0x1443      	BSF        __Lib_Lcd_cmd_status, BitPos(__Lib_Lcd_cmd_status+0)
;__Lib_Lcd.c,202 :: 		
L_end_Lcd_Out:
0x01B0	0x0008      	RETURN
; end of _Lcd_Out
_Keypad_Init:
;__Lib_Keypad4x4.c,33 :: 		
;__Lib_Keypad4x4.c,34 :: 		
0x01B1	0x30FF      	MOVLW      255
0x01B2	0x1683      	BSF        STATUS, 5
0x01B3	0x1303      	BCF        STATUS, 6
0x01B4	0x0088      	MOVWF      keypadPort+128
;__Lib_Keypad4x4.c,35 :: 		
L_end_Keypad_Init:
0x01B5	0x0008      	RETURN
; end of _Keypad_Init
_Keypad_Key_Click:
;__Lib_Keypad4x4.c,76 :: 		
;__Lib_Keypad4x4.c,80 :: 		
0x01B6	0x205A      	CALL       _Keypad_Key_Press
0x01B7	0x0870      	MOVF       R0, 0
0x01B8	0x00C8      	MOVWF      Keypad_Key_Click_rslt_L0
;__Lib_Keypad4x4.c,82 :: 		
L_Keypad_Key_Click5:
0x01B9	0x300F      	MOVLW      15
0x01BA	0x0508      	ANDWF      keypadPort, 0
0x01BB	0x00F0      	MOVWF      R0
0x01BC	0x1903      	BTFSC      STATUS, 2
0x01BD	0x29C0      	GOTO       L_Keypad_Key_Click6
;__Lib_Keypad4x4.c,83 :: 		
0x01BE	0x2089      	CALL       _Delay_10us
0x01BF	0x29B9      	GOTO       L_Keypad_Key_Click5
L_Keypad_Key_Click6:
;__Lib_Keypad4x4.c,85 :: 		
0x01C0	0x0848      	MOVF       Keypad_Key_Click_rslt_L0, 0
0x01C1	0x00F0      	MOVWF      R0
;__Lib_Keypad4x4.c,86 :: 		
L_end_Keypad_Key_Click:
0x01C2	0x0008      	RETURN
; end of _Keypad_Key_Click
___CC2DW:
;__Lib_System.c,134 :: 		
;__Lib_System.c,137 :: 		
_CC2D_Loop1:
;__Lib_System.c,139 :: 		
0x01C3	0x2091      	CALL       _____DoICP
0x01C4	0x118A      	BCF        PCLATH, 3
0x01C5	0x120A      	BCF        PCLATH, 4
;__Lib_System.c,141 :: 		
0x01C6	0x0080      	MOVWF      INDF
;__Lib_System.c,142 :: 		
0x01C7	0x0A84      	INCF       FSR, 1
;__Lib_System.c,143 :: 		
0x01C8	0x0ABF      	INCF       ___DoICPAddr, 1
;__Lib_System.c,145 :: 		
0x01C9	0x1903      	BTFSC      STATUS, 2
;__Lib_System.c,146 :: 		
0x01CA	0x0AC0      	INCF       ___DoICPAddr+1, 1
;__Lib_System.c,147 :: 		
0x01CB	0x03F0      	DECF       R0, 1
;__Lib_System.c,149 :: 		
0x01CC	0x1D03      	BTFSS      STATUS, 2
;__Lib_System.c,150 :: 		
0x01CD	0x29C3      	GOTO       _CC2D_Loop1
;__Lib_System.c,152 :: 		
L_end___CC2DW:
0x01CE	0x0008      	RETURN
; end of ___CC2DW
_UART1_Data_Ready:
;__Lib_UART_c67.c,16 :: 		
;__Lib_UART_c67.c,17 :: 		
0x01CF	0x3000      	MOVLW      0
0x01D0	0x1283      	BCF        STATUS, 5
0x01D1	0x1303      	BCF        STATUS, 6
0x01D2	0x1A8C      	BTFSC      PIR1, 5
0x01D3	0x3001      	MOVLW      1
0x01D4	0x00F0      	MOVWF      R0
;__Lib_UART_c67.c,18 :: 		
L_end_UART1_Data_Ready:
0x01D5	0x0008      	RETURN
; end of _UART1_Data_Ready
_UART1_Init:
;__Lib_UART_c67.c,2 :: 		
;__Lib_UART_c67.c,5 :: 		
0x01D6	0x1683      	BSF        STATUS, 5
0x01D7	0x1303      	BCF        STATUS, 6
0x01D8	0x1698      	BSF        TXSTA, 5
;__Lib_UART_c67.c,6 :: 		
0x01D9	0x3090      	MOVLW      144
0x01DA	0x1283      	BCF        STATUS, 5
0x01DB	0x0098      	MOVWF      RCSTA
;__Lib_UART_c67.c,7 :: 		
0x01DC	0x1683      	BSF        STATUS, 5
0x01DD	0x1787      	BSF        TRISC7_bit, 7
;__Lib_UART_c67.c,8 :: 		
0x01DE	0x1307      	BCF        TRISC6_bit, 6
;__Lib_UART_c67.c,10 :: 		
L_UART1_Init0:
0x01DF	0x1283      	BCF        STATUS, 5
0x01E0	0x1E8C      	BTFSS      PIR1, 5
0x01E1	0x29E5      	GOTO       L_UART1_Init1
;__Lib_UART_c67.c,11 :: 		
0x01E2	0x081A      	MOVF       RCREG, 0
0x01E3	0x00F0      	MOVWF      R0
0x01E4	0x29DF      	GOTO       L_UART1_Init0
L_UART1_Init1:
;__Lib_UART_c67.c,12 :: 		
L_end_UART1_Init:
0x01E5	0x0008      	RETURN
; end of _UART1_Init
_main:
0x01E6	0x304A      	MOVLW      74
0x01E7	0x1283      	BCF        STATUS, 5
0x01E8	0x1303      	BCF        STATUS, 6
0x01E9	0x00A0      	MOVWF      ?lstr1_pru_32blue
0x01EA	0x306F      	MOVLW      111
0x01EB	0x00A1      	MOVWF      33
0x01EC	0x3068      	MOVLW      104
0x01ED	0x00A2      	MOVWF      34
0x01EE	0x306E      	MOVLW      110
0x01EF	0x00A3      	MOVWF      35
0x01F0	0x01A4      	CLRF       36
0x01F1	0x3043      	MOVLW      67
0x01F2	0x00A5      	MOVWF      ?lstr2_pru_32blue
0x01F3	0x306F      	MOVLW      111
0x01F4	0x00A6      	MOVWF      38
0x01F5	0x306C      	MOVLW      108
0x01F6	0x00A7      	MOVWF      39
0x01F7	0x3069      	MOVLW      105
0x01F8	0x00A8      	MOVWF      40
0x01F9	0x306E      	MOVLW      110
0x01FA	0x00A9      	MOVWF      41
0x01FB	0x3061      	MOVLW      97
0x01FC	0x00AA      	MOVWF      42
0x01FD	0x01AB      	CLRF       43
0x01FE	0x01AC      	CLRF       _oldstate
0x01FF	0x3020      	MOVLW      32
0x0200	0x00AD      	MOVWF      ?lstr5_pru_32blue
0x0201	0x3020      	MOVLW      32
0x0202	0x00AE      	MOVWF      46
0x0203	0x3020      	MOVLW      32
0x0204	0x00AF      	MOVWF      47
0x0205	0x01B0      	CLRF       48
0x0206	0x3054      	MOVLW      84
0x0207	0x00B1      	MOVWF      ?lstr4_pru_32blue
0x0208	0x3069      	MOVLW      105
0x0209	0x00B2      	MOVWF      50
0x020A	0x306D      	MOVLW      109
0x020B	0x00B3      	MOVWF      51
0x020C	0x3065      	MOVLW      101
0x020D	0x00B4      	MOVWF      52
0x020E	0x3073      	MOVLW      115
0x020F	0x00B5      	MOVWF      53
0x0210	0x303A      	MOVLW      58
0x0211	0x00B6      	MOVWF      54
0x0212	0x01B7      	CLRF       55
0x0213	0x304B      	MOVLW      75
0x0214	0x00B8      	MOVWF      ?lstr3_pru_32blue
0x0215	0x3065      	MOVLW      101
0x0216	0x00B9      	MOVWF      57
0x0217	0x3079      	MOVLW      121
0x0218	0x00BA      	MOVWF      58
0x0219	0x3020      	MOVLW      32
0x021A	0x00BB      	MOVWF      59
0x021B	0x3020      	MOVLW      32
0x021C	0x00BC      	MOVWF      60
0x021D	0x303A      	MOVLW      58
0x021E	0x00BD      	MOVWF      61
0x021F	0x01BE      	CLRF       62
;pru blue.c,40 :: 		void main() {
;pru blue.c,41 :: 		ANSEL = 0;
0x0220	0x1683      	BSF        STATUS, 5
0x0221	0x1703      	BSF        STATUS, 6
0x0222	0x0188      	CLRF       ANSEL
;pru blue.c,42 :: 		ANSELH = 0;
0x0223	0x0189      	CLRF       ANSELH
;pru blue.c,43 :: 		cnt = 0;
0x0224	0x1283      	BCF        STATUS, 5
0x0225	0x1303      	BCF        STATUS, 6
0x0226	0x01C1      	CLRF       _cnt
;pru blue.c,44 :: 		TRISB=0;
0x0227	0x1683      	BSF        STATUS, 5
0x0228	0x0186      	CLRF       TRISB
;pru blue.c,45 :: 		PORTB=0;                              // Reset counter
0x0229	0x1283      	BCF        STATUS, 5
0x022A	0x0186      	CLRF       PORTB
;pru blue.c,46 :: 		UART1_Init(19200);
0x022B	0x3019      	MOVLW      25
0x022C	0x1683      	BSF        STATUS, 5
0x022D	0x0099      	MOVWF      SPBRG
0x022E	0x1518      	BSF        TXSTA, 2
0x022F	0x21D6      	CALL       _UART1_Init
;pru blue.c,47 :: 		Keypad_Init();                           // Initialize Keypad
0x0230	0x21B1      	CALL       _Keypad_Init
;pru blue.c,48 :: 		Lcd_Init();                              // Initialize Lcd
0x0231	0x20E3      	CALL       _Lcd_Init
;pru blue.c,49 :: 		Lcd_Cmd(_LCD_CLEAR);                      // Clear display
0x0232	0x3001      	MOVLW      1
0x0233	0x00D1      	MOVWF      FARG_Lcd_Cmd_out_char
0x0234	0x201A      	CALL       _Lcd_Cmd
;pru blue.c,50 :: 		Lcd_Cmd(_LCD_CURSOR_OFF);                 // Cursor off
0x0235	0x300C      	MOVLW      12
0x0236	0x00D1      	MOVWF      FARG_Lcd_Cmd_out_char
0x0237	0x201A      	CALL       _Lcd_Cmd
;pru blue.c,51 :: 		Lcd_Out(1, 4, "John");
0x0238	0x3001      	MOVLW      1
0x0239	0x00C8      	MOVWF      FARG_Lcd_Out_row
0x023A	0x3004      	MOVLW      4
0x023B	0x00C9      	MOVWF      FARG_Lcd_Out_column
0x023C	0x3020      	MOVLW      ?lstr1_pru_32blue
0x023D	0x00CA      	MOVWF      FARG_Lcd_Out_text
0x023E	0x2171      	CALL       _Lcd_Out
;pru blue.c,52 :: 		Lcd_Out(2, 3, "Colina");
0x023F	0x3002      	MOVLW      2
0x0240	0x00C8      	MOVWF      FARG_Lcd_Out_row
0x0241	0x3003      	MOVLW      3
0x0242	0x00C9      	MOVWF      FARG_Lcd_Out_column
0x0243	0x3025      	MOVLW      ?lstr2_pru_32blue
0x0244	0x00CA      	MOVWF      FARG_Lcd_Out_text
0x0245	0x2171      	CALL       _Lcd_Out
;pru blue.c,53 :: 		delay_ms(4000);
0x0246	0x3029      	MOVLW      41
0x0247	0x00FB      	MOVWF      R11
0x0248	0x3096      	MOVLW      150
0x0249	0x00FC      	MOVWF      R12
0x024A	0x307F      	MOVLW      127
0x024B	0x00FD      	MOVWF      R13
L_main0:
0x024C	0x0BFD      	DECFSZ     R13, 1
0x024D	0x2A4C      	GOTO       L_main0
0x024E	0x0BFC      	DECFSZ     R12, 1
0x024F	0x2A4C      	GOTO       L_main0
0x0250	0x0BFB      	DECFSZ     R11, 1
0x0251	0x2A4C      	GOTO       L_main0
;pru blue.c,54 :: 		Lcd_Cmd(_LCD_CLEAR);
0x0252	0x3001      	MOVLW      1
0x0253	0x00D1      	MOVWF      FARG_Lcd_Cmd_out_char
0x0254	0x201A      	CALL       _Lcd_Cmd
;pru blue.c,55 :: 		Lcd_Out(1, 1, "Key  :");                 // Write message text on Lcd
0x0255	0x3001      	MOVLW      1
0x0256	0x00C8      	MOVWF      FARG_Lcd_Out_row
0x0257	0x3001      	MOVLW      1
0x0258	0x00C9      	MOVWF      FARG_Lcd_Out_column
0x0259	0x3038      	MOVLW      ?lstr3_pru_32blue
0x025A	0x00CA      	MOVWF      FARG_Lcd_Out_text
0x025B	0x2171      	CALL       _Lcd_Out
;pru blue.c,56 :: 		Lcd_Out(2, 1, "Times:");
0x025C	0x3002      	MOVLW      2
0x025D	0x00C8      	MOVWF      FARG_Lcd_Out_row
0x025E	0x3001      	MOVLW      1
0x025F	0x00C9      	MOVWF      FARG_Lcd_Out_column
0x0260	0x3031      	MOVLW      ?lstr4_pru_32blue
0x0261	0x00CA      	MOVWF      FARG_Lcd_Out_text
0x0262	0x2171      	CALL       _Lcd_Out
;pru blue.c,58 :: 		do {
L_main1:
;pru blue.c,59 :: 		kp = 0;                                // Reset key code variable
0x0263	0x01C2      	CLRF       _kp
;pru blue.c,62 :: 		do {
L_main4:
;pru blue.c,64 :: 		kp = Keypad_Key_Click();             // Store key code in kp variable
0x0264	0x21B6      	CALL       _Keypad_Key_Click
0x0265	0x0870      	MOVF       R0, 0
0x0266	0x00C2      	MOVWF      _kp
;pru blue.c,65 :: 		if (UART1_Data_Ready()){
0x0267	0x21CF      	CALL       _UART1_Data_Ready
0x0268	0x0870      	MOVF       R0, 0
0x0269	0x1903      	BTFSC      STATUS, 2
0x026A	0x2A6F      	GOTO       L_main7
;pru blue.c,66 :: 		kp = UART1_Read();
0x026B	0x2166      	CALL       _UART1_Read
0x026C	0x0870      	MOVF       R0, 0
0x026D	0x00C2      	MOVWF      _kp
;pru blue.c,67 :: 		goto    bluetooth;
0x026E	0x2AE3      	GOTO       ___main_bluetooth
;pru blue.c,68 :: 		}
L_main7:
;pru blue.c,69 :: 		}while (!kp);
0x026F	0x0842      	MOVF       _kp, 0
0x0270	0x1903      	BTFSC      STATUS, 2
0x0271	0x2A64      	GOTO       L_main4
;pru blue.c,71 :: 		switch (kp) {
0x0272	0x2AA3      	GOTO       L_main8
;pru blue.c,77 :: 		case  1: kp = 49; break; // 1        // Uncomment this block for keypad4x4
L_main10:
0x0273	0x3031      	MOVLW      49
0x0274	0x00C2      	MOVWF      _kp
0x0275	0x2AE3      	GOTO       L_main9
;pru blue.c,78 :: 		case  2: kp = 50; break; // 2
L_main11:
0x0276	0x3032      	MOVLW      50
0x0277	0x00C2      	MOVWF      _kp
0x0278	0x2AE3      	GOTO       L_main9
;pru blue.c,79 :: 		case  3: kp = 51; break; // 3
L_main12:
0x0279	0x3033      	MOVLW      51
0x027A	0x00C2      	MOVWF      _kp
0x027B	0x2AE3      	GOTO       L_main9
;pru blue.c,80 :: 		case  4: kp = 65; break; // A
L_main13:
0x027C	0x3041      	MOVLW      65
0x027D	0x00C2      	MOVWF      _kp
0x027E	0x2AE3      	GOTO       L_main9
;pru blue.c,81 :: 		case  5: kp = 52; break; // 4
L_main14:
0x027F	0x3034      	MOVLW      52
0x0280	0x00C2      	MOVWF      _kp
0x0281	0x2AE3      	GOTO       L_main9
;pru blue.c,82 :: 		case  6: kp = 53; break; // 5
L_main15:
0x0282	0x3035      	MOVLW      53
0x0283	0x00C2      	MOVWF      _kp
0x0284	0x2AE3      	GOTO       L_main9
;pru blue.c,83 :: 		case  7: kp = 54; break; // 6
L_main16:
0x0285	0x3036      	MOVLW      54
0x0286	0x00C2      	MOVWF      _kp
0x0287	0x2AE3      	GOTO       L_main9
;pru blue.c,84 :: 		case  8: kp = 66; break; // B
L_main17:
0x0288	0x3042      	MOVLW      66
0x0289	0x00C2      	MOVWF      _kp
0x028A	0x2AE3      	GOTO       L_main9
;pru blue.c,85 :: 		case  9: kp = 55; break; // 7
L_main18:
0x028B	0x3037      	MOVLW      55
0x028C	0x00C2      	MOVWF      _kp
0x028D	0x2AE3      	GOTO       L_main9
;pru blue.c,86 :: 		case 10: kp = 56; break; // 8
L_main19:
0x028E	0x3038      	MOVLW      56
0x028F	0x00C2      	MOVWF      _kp
0x0290	0x2AE3      	GOTO       L_main9
;pru blue.c,87 :: 		case 11: kp = 57; break; // 9
L_main20:
0x0291	0x3039      	MOVLW      57
0x0292	0x00C2      	MOVWF      _kp
0x0293	0x2AE3      	GOTO       L_main9
;pru blue.c,88 :: 		case 12: kp = 67; break; // C
L_main21:
0x0294	0x3043      	MOVLW      67
0x0295	0x00C2      	MOVWF      _kp
0x0296	0x2AE3      	GOTO       L_main9
;pru blue.c,89 :: 		case 13: kp = 42; break; // *
L_main22:
0x0297	0x302A      	MOVLW      42
0x0298	0x00C2      	MOVWF      _kp
0x0299	0x2AE3      	GOTO       L_main9
;pru blue.c,90 :: 		case 14: kp = 48; break; // 0
L_main23:
0x029A	0x3030      	MOVLW      48
0x029B	0x00C2      	MOVWF      _kp
0x029C	0x2AE3      	GOTO       L_main9
;pru blue.c,91 :: 		case 15: kp = 35; break; // #
L_main24:
0x029D	0x3023      	MOVLW      35
0x029E	0x00C2      	MOVWF      _kp
0x029F	0x2AE3      	GOTO       L_main9
;pru blue.c,92 :: 		case 16: kp = 68; break; // D
L_main25:
0x02A0	0x3044      	MOVLW      68
0x02A1	0x00C2      	MOVWF      _kp
0x02A2	0x2AE3      	GOTO       L_main9
;pru blue.c,94 :: 		}
L_main8:
0x02A3	0x0842      	MOVF       _kp, 0
0x02A4	0x3A01      	XORLW      1
0x02A5	0x1903      	BTFSC      STATUS, 2
0x02A6	0x2A73      	GOTO       L_main10
0x02A7	0x0842      	MOVF       _kp, 0
0x02A8	0x3A02      	XORLW      2
0x02A9	0x1903      	BTFSC      STATUS, 2
0x02AA	0x2A76      	GOTO       L_main11
0x02AB	0x0842      	MOVF       _kp, 0
0x02AC	0x3A03      	XORLW      3
0x02AD	0x1903      	BTFSC      STATUS, 2
0x02AE	0x2A79      	GOTO       L_main12
0x02AF	0x0842      	MOVF       _kp, 0
0x02B0	0x3A04      	XORLW      4
0x02B1	0x1903      	BTFSC      STATUS, 2
0x02B2	0x2A7C      	GOTO       L_main13
0x02B3	0x0842      	MOVF       _kp, 0
0x02B4	0x3A05      	XORLW      5
0x02B5	0x1903      	BTFSC      STATUS, 2
0x02B6	0x2A7F      	GOTO       L_main14
0x02B7	0x0842      	MOVF       _kp, 0
0x02B8	0x3A06      	XORLW      6
0x02B9	0x1903      	BTFSC      STATUS, 2
0x02BA	0x2A82      	GOTO       L_main15
0x02BB	0x0842      	MOVF       _kp, 0
0x02BC	0x3A07      	XORLW      7
0x02BD	0x1903      	BTFSC      STATUS, 2
0x02BE	0x2A85      	GOTO       L_main16
0x02BF	0x0842      	MOVF       _kp, 0
0x02C0	0x3A08      	XORLW      8
0x02C1	0x1903      	BTFSC      STATUS, 2
0x02C2	0x2A88      	GOTO       L_main17
0x02C3	0x0842      	MOVF       _kp, 0
0x02C4	0x3A09      	XORLW      9
0x02C5	0x1903      	BTFSC      STATUS, 2
0x02C6	0x2A8B      	GOTO       L_main18
0x02C7	0x0842      	MOVF       _kp, 0
0x02C8	0x3A0A      	XORLW      10
0x02C9	0x1903      	BTFSC      STATUS, 2
0x02CA	0x2A8E      	GOTO       L_main19
0x02CB	0x0842      	MOVF       _kp, 0
0x02CC	0x3A0B      	XORLW      11
0x02CD	0x1903      	BTFSC      STATUS, 2
0x02CE	0x2A91      	GOTO       L_main20
0x02CF	0x0842      	MOVF       _kp, 0
0x02D0	0x3A0C      	XORLW      12
0x02D1	0x1903      	BTFSC      STATUS, 2
0x02D2	0x2A94      	GOTO       L_main21
0x02D3	0x0842      	MOVF       _kp, 0
0x02D4	0x3A0D      	XORLW      13
0x02D5	0x1903      	BTFSC      STATUS, 2
0x02D6	0x2A97      	GOTO       L_main22
0x02D7	0x0842      	MOVF       _kp, 0
0x02D8	0x3A0E      	XORLW      14
0x02D9	0x1903      	BTFSC      STATUS, 2
0x02DA	0x2A9A      	GOTO       L_main23
0x02DB	0x0842      	MOVF       _kp, 0
0x02DC	0x3A0F      	XORLW      15
0x02DD	0x1903      	BTFSC      STATUS, 2
0x02DE	0x2A9D      	GOTO       L_main24
0x02DF	0x0842      	MOVF       _kp, 0
0x02E0	0x3A10      	XORLW      16
0x02E1	0x1903      	BTFSC      STATUS, 2
0x02E2	0x2AA0      	GOTO       L_main25
L_main9:
;pru blue.c,95 :: 		bluetooth: /*dato por bluetooth*/
___main_bluetooth:
;pru blue.c,96 :: 		if (kp != oldstate) {                  // Pressed key differs from previous
0x02E3	0x0842      	MOVF       _kp, 0
0x02E4	0x062C      	XORWF      _oldstate, 0
0x02E5	0x1903      	BTFSC      STATUS, 2
0x02E6	0x2AEC      	GOTO       L_main26
;pru blue.c,97 :: 		cnt = 1;
0x02E7	0x3001      	MOVLW      1
0x02E8	0x00C1      	MOVWF      _cnt
;pru blue.c,98 :: 		oldstate = kp;
0x02E9	0x0842      	MOVF       _kp, 0
0x02EA	0x00AC      	MOVWF      _oldstate
;pru blue.c,99 :: 		}
0x02EB	0x2AED      	GOTO       L_main27
L_main26:
;pru blue.c,101 :: 		cnt++;
0x02EC	0x0AC1      	INCF       _cnt, 1
;pru blue.c,102 :: 		}
L_main27:
;pru blue.c,104 :: 		Lcd_Chr(1, 10, kp);                    // Print key ASCII value on Lcd
0x02ED	0x3001      	MOVLW      1
0x02EE	0x00C8      	MOVWF      FARG_Lcd_Chr_row
0x02EF	0x300A      	MOVLW      10
0x02F0	0x00C9      	MOVWF      FARG_Lcd_Chr_column
0x02F1	0x0842      	MOVF       _kp, 0
0x02F2	0x00CA      	MOVWF      FARG_Lcd_Chr_out_char
0x02F3	0x2131      	CALL       _Lcd_Chr
;pru blue.c,106 :: 		if (cnt == 255) {                      // If counter varialble overflow
0x02F4	0x0841      	MOVF       _cnt, 0
0x02F5	0x3AFF      	XORLW      255
0x02F6	0x1D03      	BTFSS      STATUS, 2
0x02F7	0x2B00      	GOTO       L_main28
;pru blue.c,107 :: 		cnt = 0;
0x02F8	0x01C1      	CLRF       _cnt
;pru blue.c,108 :: 		Lcd_Out(2, 10, "   ");
0x02F9	0x3002      	MOVLW      2
0x02FA	0x00C8      	MOVWF      FARG_Lcd_Out_row
0x02FB	0x300A      	MOVLW      10
0x02FC	0x00C9      	MOVWF      FARG_Lcd_Out_column
0x02FD	0x302D      	MOVLW      ?lstr5_pru_32blue
0x02FE	0x00CA      	MOVWF      FARG_Lcd_Out_text
0x02FF	0x2171      	CALL       _Lcd_Out
;pru blue.c,109 :: 		}
L_main28:
;pru blue.c,111 :: 		ByteToStr(cnt, txt);                   // Transform counter value to string
0x0300	0x0841      	MOVF       _cnt, 0
0x0301	0x00C8      	MOVWF      FARG_ByteToStr_input
0x0302	0x3044      	MOVLW      _txt
0x0303	0x00C9      	MOVWF      FARG_ByteToStr_output
0x0304	0x20B1      	CALL       _ByteToStr
;pru blue.c,112 :: 		Lcd_Out(2, 10, txt);                   // Display counter value on Lcd
0x0305	0x3002      	MOVLW      2
0x0306	0x00C8      	MOVWF      FARG_Lcd_Out_row
0x0307	0x300A      	MOVLW      10
0x0308	0x00C9      	MOVWF      FARG_Lcd_Out_column
0x0309	0x3044      	MOVLW      _txt
0x030A	0x00CA      	MOVWF      FARG_Lcd_Out_text
0x030B	0x2171      	CALL       _Lcd_Out
;pru blue.c,113 :: 		} while (1);
0x030C	0x2A63      	GOTO       L_main1
;pru blue.c,114 :: 		}
L_end_main:
0x030D	0x2B0D      	GOTO       $+0
; end of _main
Symbol List:
//** Routines locations **
//ADDRESS    SIZE    PROCEDURE
//----------------------------------------------
0x0003       [3]    _Delay_1us
0x0006      [13]    _Delay_5500us
0x0013       [7]    _Delay_50us
0x001A      [64]    _Lcd_Cmd
0x005A      [47]    _Keypad_Key_Press
0x0089       [8]    _Delay_10us
0x0091       [7]    _____DoICP
0x0098      [17]    _Div_8x8_U
0x00A9       [8]    _Lcd_Chr_CP
0x00B1      [50]    _ByteToStr
0x00E3      [78]    _Lcd_Init
0x0131      [53]    _Lcd_Chr
0x0166      [11]    _UART1_Read
0x0171      [64]    _Lcd_Out
0x01B1       [5]    _Keypad_Init
0x01B6      [13]    _Keypad_Key_Click
0x01C3      [12]    ___CC2DW
0x01CF       [7]    _UART1_Data_Ready
0x01D6      [16]    _UART1_Init
0x01E6     [296]    _main
//** Variables locations ** 
//ADDRESS    SIZE    VARIABLE
//----------------------------------------------
0x0000       [1]    INDF
0x0002       [1]    PCL
0x0003       [1]    STATUS
0x0004       [1]    FSR
0x0005       [0]    RA0_bit
0x0005       [0]    RA5_bit
0x0005       [0]    LCD_D7
0x0005       [0]    RA4_bit
0x0005       [0]    LCD_D6
0x0005       [0]    LCD_RS
0x0005       [0]    RA2_bit
0x0005       [0]    LCD_EN
0x0005       [0]    LCD_D4
0x0005       [0]    RA1_bit
0x0005       [0]    RA3_bit
0x0005       [0]    LCD_D5
0x0006       [1]    PORTB
0x0008       [1]    keypadPort
0x0008       [1]    PORTD
0x000A       [1]    PCLATH
0x000C       [1]    PIR1
0x0018       [1]    RCSTA
0x001A       [1]    RCREG
0x0020       [5]    ?lstr1_pru_32blue
0x0025       [7]    ?lstr2_pru_32blue
0x002C       [1]    _oldstate
0x002D       [4]    ?lstr5_pru_32blue
0x0031       [7]    ?lstr4_pru_32blue
0x0038       [7]    ?lstr3_pru_32blue
0x003F       [2]    ___DoICPAddr
0x0041       [1]    _cnt
0x0042       [1]    _kp
0x0043       [0]    __Lib_Lcd_cmd_status
0x0044       [4]    _txt
0x0048       [1]    Keypad_Key_Click_rslt_L0
0x0048       [1]    FARG_Lcd_Chr_row
0x0048       [1]    FARG_ByteToStr_input
0x0048       [1]    FARG_Lcd_Out_row
0x0049       [1]    FARG_ByteToStr_output
0x0049       [1]    FARG_Lcd_Chr_column
0x0049       [1]    FARG_Lcd_Out_column
0x004A       [1]    FARG_Lcd_Chr_out_char
0x004A       [1]    FARG_Lcd_Out_text
0x004A       [1]    ByteToStr_DigitPos_L0
0x004B       [1]    FLOC__ByteToStr
0x004B       [1]    Lcd_Out_i_L0
0x004C       [1]    FARG_Lcd_Chr_CP_out_char
0x004C       [1]    Keypad_Key_Press_rslt_L0
0x004D       [1]    Keypad_Key_Press_kdata_L0
0x004E       [1]    Keypad_Key_Press_loc_L0
0x004F       [1]    Keypad_Key_Press_rowcnt_L0
0x0050       [1]    Keypad_Key_Press_shifter_L0
0x0051       [1]    FARG_Lcd_Cmd_out_char
0x0070       [1]    R0
0x0071       [1]    R1
0x0072       [1]    R2
0x0073       [1]    R3
0x0074       [1]    R4
0x0075       [1]    R5
0x0076       [1]    R6
0x0077       [1]    R7
0x0078       [1]    R8
0x0079       [1]    R9
0x007A       [1]    R10
0x007B       [1]    R11
0x007C       [1]    R12
0x007D       [1]    R13
0x007E       [1]    R14
0x007F       [1]    R15
0x0085       [0]    TRISA2_bit
0x0085       [0]    LCD_D5_Direction
0x0085       [0]    TRISA0_bit
0x0085       [0]    LCD_D7_Direction
0x0085       [0]    LCD_D6_Direction
0x0085       [0]    TRISA1_bit
0x0085       [0]    LCD_RS_Direction
0x0085       [0]    TRISA5_bit
0x0085       [0]    TRISA3_bit
0x0085       [0]    TRISA4_bit
0x0085       [0]    LCD_D4_Direction
0x0085       [0]    LCD_EN_Direction
0x0086       [1]    TRISB
0x0087       [0]    TRISC6_bit
0x0087       [0]    TRISC7_bit
0x0098       [1]    TXSTA
0x0099       [1]    SPBRG
0x009A       [1]    SPBRGH
0x0188       [1]    ANSEL
0x0189       [1]    ANSELH
//** Label List: ** 
//----------------------------------------------
  L_main0
  L_main1
  L_main2
  L_main3
  L_main4
  L_main5
  L_main6
  L_main7
  ___main_bluetooth
  L_main8
  L_main9
  L_main10
  L_main11
  L_main12
  L_main13
  L_main14
  L_main15
  L_main16
  L_main17
  L_main18
  L_main19
  L_main20
  L_main21
  L_main22
  L_main23
  L_main24
  L_main25
  L_main26
  L_main27
  L_main28
  L_end_main
  _main
  L_ByteToStr0
  L_ByteToStr1
  L_ByteToStr2
  L_ByteToStr3
  L_ByteToStr4
  L_ByteToStr5
  L_WordToStr6
  L_WordToStr7
  L_WordToStr8
  L_WordToStr9
  L_WordToStr10
  L_WordToStr11
  L_WordToStrWithZeros12
  L_WordToStrWithZeros13
  L_WordToStrWithZeros14
  L_WordToStrWithZeros15
  L_WordToStrWithZeros16
  L_ShortToStr17
  L_ShortToStr18
  L_ShortToStr19
  L_ShortToStr20
  L_ShortToStr21
  L_ShortToStr22
  L_IntToStr23
  L_IntToStr24
  L_IntToStr25
  L_IntToStr26
  L_IntToStr27
  L_IntToStr28
  L_IntToStrWithZeros29
  L_IntToStrWithZeros30
  L_IntToStrWithZeros31
  L_IntToStrWithZeros32
  L_IntToStrWithZeros33
  L_IntToStrWithZeros34
  L_IntToStrWithZeros35
  L_IntToStrWithZeros36
  L_IntToStrWithZeros37
  L_LongWordToStr38
  L_LongWordToStr39
  L_LongWordToStr40
  L_LongWordToStr41
  L_LongWordToStr42
  L_LongWordToStr43
  L_LongWordToStrWithZeros44
  L_LongWordToStrWithZeros45
  L_LongWordToStrWithZeros46
  L_LongWordToStrWithZeros47
  L_LongWordToStrWithZeros48
  L_LongToStr49
  L_LongToStr50
  L_LongToStr51
  L_LongToStr52
  L_LongToStr53
  L_LongToStr54
  L_LongIntToStrWithZeros55
  L_LongIntToStrWithZeros56
  L_LongIntToStrWithZeros57
  L_LongIntToStrWithZeros58
  L_LongIntToStrWithZeros59
  L_LongIntToStrWithZeros60
  L_LongIntToStrWithZeros61
  L_LongIntToStrWithZeros62
  L_LongIntToStrWithZeros63
  L_Dec2Bcd64
  L_Dec2Bcd65
  L_Rtrim66
  L_Rtrim67
  L_Rtrim68
  L_Rtrim69
  L_Ltrim70
  L_Ltrim71
  L_Ltrim72
  L_Ltrim73
  L_Ltrim74
  L_Ltrim75
  L_FloatToStr76
  L_FloatToStr77
  L_FloatToStr78
  L_FloatToStr79
  L_FloatToStr80
  L_FloatToStr81
  L_FloatToStr82
  L_FloatToStr83
  L_FloatToStr84
  L_FloatToStr85
  L_FloatToStr86
  L_FloatToStr87
  L_FloatToStr88
  L_FloatToStr89
  L_FloatToStr90
  L_FloatToStr91
  L_FloatToStr92
  L_FloatToStr93
  L_FloatToStr94
  L_FloatToStr95
  L_FloatToStr96
  L_FloatToStr97
  L__Rtrim98
  L__Ltrim99
  L__FloatToStr100
  L_end_ByteToHex
  _ByteToHex
  L_end_ShortToHex
  _ShortToHex
  L_end_WordToHex
  _WordToHex
  L_end_IntToHex
  _IntToHex
  L_end_LongWordToHex
  _LongWordToHex
  L_end_LongIntToHex
  _LongIntToHex
  L_end_ByteToStr
  _ByteToStr
  L_end_WordToStr
  _WordToStr
  L__WordToStr109
  L_end_WordToStrWithZeros
  _WordToStrWithZeros
  L__WordToStrWithZeros111
  L_end_ShortToStr
  _ShortToStr
  L__ShortToStr113
  L_end_IntToStr
  _IntToStr
  L__IntToStr115
  L__IntToStr116
  L_end_IntToStrWithZeros
  _IntToStrWithZeros
  L__IntToStrWithZeros118
  L__IntToStrWithZeros119
  L__IntToStrWithZeros120
  L_end_LongWordToStr
  _LongWordToStr
  L__LongWordToStr122
  L__LongWordToStr123
  L_end_LongWordToStrWithZeros
  _LongWordToStrWithZeros
  L__LongWordToStrWithZeros125
  L_end_LongToStr
  _LongToStr
  L__LongToStr127
  L__LongToStr128
  L_end_LongIntToStrWithZeros
  _LongIntToStrWithZeros
  L__LongIntToStrWithZeros130
  L__LongIntToStrWithZeros131
  L__LongIntToStrWithZeros132
  L_end_Dec2Bcd
  _Dec2Bcd
  L_end_Bcd2Dec
  _Bcd2Dec
  L_end_Bcd2Dec16
  _Bcd2Dec16
  L__Bcd2Dec16136
  L__Bcd2Dec16137
  L_end_Dec2Bcd16
  _Dec2Bcd16
  L__Dec2Bcd16139
  L__Dec2Bcd16140
  L_end_Rtrim
  _Rtrim
  L_end_Ltrim
  _Ltrim
  L_end_FloatToStr
  _FloatToStr
  L__FloatToStr144
  L__FloatToStr145
  L__FloatToStr146
  L__FloatToStr147
  L__FloatToStr148
  L_Delay_10us0
  L_Delay_22us1
  L_Delay_50us2
  L_Delay_80us3
  L_Delay_500us4
  L_Delay_5500us5
  L_Delay_1ms6
  L_Delay_5ms7
  L_Delay_8ms8
  L_Delay_10ms9
  L_Delay_100ms10
  L_Delay_1sec11
  L_boot16_Delay_5ms12
  L_Delay_Cyc13
  L_Delay_Cyc14
  L_VDelay_ms15
  L_VDelay_ms16
  L_VDelay_ms17
  L_VDelay_Advanced_ms18
  L_VDelay_Advanced_ms19
  L_VDelay_Advanced_ms20
  L_end_Get_Fosc_kHz
  _Get_Fosc_kHz
  L_end_Delay_1us
  _Delay_1us
  L_end_Delay_10us
  _Delay_10us
  L_end_Delay_22us
  _Delay_22us
  L_end_Delay_50us
  _Delay_50us
  L_end_Delay_80us
  _Delay_80us
  L_end_Delay_500us
  _Delay_500us
  L_end_Delay_5500us
  _Delay_5500us
  L_end_Delay_1ms
  _Delay_1ms
  L_end_Delay_5ms
  _Delay_5ms
  L_end_Delay_8ms
  _Delay_8ms
  L_end_Delay_10ms
  _Delay_10ms
  L_end_Delay_100ms
  _Delay_100ms
  L_end_Delay_1sec
  _Delay_1sec
  L_end_boot16_Delay_5ms
  _boot16_Delay_5ms
  L_end_Delay_Cyc
  _Delay_Cyc
  L_end_VDelay_ms
  _VDelay_ms
  L__VDelay_ms38
  L__VDelay_ms39
  L__VDelay_ms40
  L_end_VDelay_Advanced_ms
  _VDelay_Advanced_ms
  L__VDelay_Advanced_ms42
  L__VDelay_Advanced_ms43
  L__VDelay_Advanced_ms44
  L_Keypad_Key_Press0
  L_Keypad_Key_Press1
  L_Keypad_Key_Press2
  L_Keypad_Key_Press3
  L_Keypad_Key_Press4
  L_Keypad_Key_Click5
  L_Keypad_Key_Click6
  L_end_Keypad_Init
  _Keypad_Init
  L_end_Keypad_Key_Press
  _Keypad_Key_Press
  L_end_Keypad_Key_Click
  _Keypad_Key_Click
  L_Lcd_Cmd0
  L_Lcd_Cmd1
  L_Lcd_Out_CP2
  L_Lcd_Out_CP3
  L_Lcd_Chr4
  L_Lcd_Chr5
  L_Lcd_Chr6
  L_Lcd_Chr7
  L_Lcd_Chr8
  L_Lcd_Chr9
  L_Lcd_Chr10
  L_Lcd_Out11
  L_Lcd_Out12
  L_Lcd_Out13
  L_Lcd_Out14
  L_Lcd_Out15
  L_Lcd_Out16
  L_Lcd_Out17
  L_Lcd_Out18
  L_Lcd_Out19
  L_end_Lcd_Cmd
  _Lcd_Cmd
  L__Lcd_Cmd21
  L__Lcd_Cmd22
  L__Lcd_Cmd23
  L__Lcd_Cmd24
  L__Lcd_Cmd25
  L__Lcd_Cmd26
  L__Lcd_Cmd27
  L__Lcd_Cmd28
  L__Lcd_Cmd29
  L__Lcd_Cmd30
  L__Lcd_Cmd31
  L__Lcd_Cmd32
  L__Lcd_Cmd33
  L__Lcd_Cmd34
  L__Lcd_Cmd35
  L__Lcd_Cmd36
  L__Lcd_Cmd37
  L__Lcd_Cmd38
  L__Lcd_Cmd39
  L__Lcd_Cmd40
  L_end_Lcd_Chr_CP
  _Lcd_Chr_CP
  L_end_Lcd_Out_CP
  _Lcd_Out_CP
  L_end_Lcd_Chr
  _Lcd_Chr
  L_end_Lcd_Init
  _Lcd_Init
  L_end_Lcd_Out
  _Lcd_Out
  L_Div_16x16_S0
  L_Div_16x16_S1
  LOOPS3232A
  SADD22LA
  SOK22LA
  SADD22L8
  SOK22L8
  LOOPS3232B
  SADD22LB
  SOK22LB
  SADD22L16
  SOK22L16
  LOOPS3232C
  SADD22LC
  SOK22LC
  SADD22L24
  SOK22L24
  LOOPS3232D
  SADD22LD
  SOK22LD
  SOK22L
  L_Div_32x32_S6
  L_Div_32x32_S7
  L_Div_32x32_S8
  L_Div_32x32_S9
  FXD3232S
  END_ALL
  CA3232S
  C3232SX
  C3232SX1
  C3232S
  C3232S2
  C3232SX4
  C3232SOK
  C3232SX3
  C3232SX2
  avoid_comfrem
  LOOPU3232A
  UADD22LA
  UOK22LA
  UADD22L8
  UOK22L8
  LOOPU3232B
  UADD22LB
  UOK22LB
  UADD22L16
  UOK22L16
  LOOPU3232C
  UADD22LC
  UOK22LC
  UADD22L24
  UOK22L24
  LOOPU3232D
  UADD22LD
  UOK22LD
  UOK22L
  _NEXT
  _EXIT2
  _LOOP
  _EXIT1
  _IF_FIRST
  _IF_SECOND
  _INVERCE_FIRST
  _MULT
  _INBERSE_SECOND
  _EXIT
  L_end_Mul_8x8_U
  _Mul_8x8_U
  L_end_Mul_16x16_U
  _Mul_16x16_U
  L_end_Div_8x8_U
  _Div_8x8_U
  L_end_Div_16x16_U
  _Div_16x16_U
  L_end_Mul_8x8_S
  _Mul_8x8_S
  L_end_Mul_16x16_S
  _Mul_16x16_S
  L_end_Div_16x16_S_L
  _Div_16x16_S_L
  L_end_Div_16x16_S
  _Div_16x16_S
  L_end_Div_8x8_S
  _Div_8x8_S
  L_end_SDIV3232L
  _SDIV3232L
  L_end_COMFREM
  _COMFREM
  L_end_Div_32x32_S
  _Div_32x32_S
  L_end_Div_32x32_U
  _Div_32x32_U
  L_end_Mul_32x32_U
  _Mul_32x32_U
  L_end_Mul_32x32_S
  _Mul_32x32_S
  L_loopCA2AWs
  L_CA2AWend
  _CCA2AW_Loop1
  L_loopCS2Ss
  L_CS2Send
  _CCS2S_Loop1
  L_CCS2Send
  L_loopFZinSWs
  L_FZinSend
  _CC2D_Loop1
  L_end_____DoICP
  _____DoICP
  L_end_____DoIFC
  _____DoIFC
  L_end___CA2AW
  ___CA2AW
  L_end___CCA2AW
  ___CCA2AW
  L_end___CS2S
  ___CS2S
  L_end___CCS2S
  ___CCS2S
  L_end___FZinS
  ___FZinS
  L_end___CC2DW
  ___CC2DW
  L_end_Swap
  _Swap
  L_UART1_Init0
  L_UART1_Init1
  L_UART1_Read2
  L_UART1_Write3
  L_UART1_Write4
  L_UART1_Write_Text5
  L_UART1_Write_Text6
  L_UART1_Read_Text7
  L_UART1_Read_Text8
  L_UART1_Read_Text9
  L_UART1_Read_Text10
  L_UART1_Read_Text11
  L_UART1_Read_Text12
  L_UART1_Read_Text13
  L_UART1_Read_Text14
  L_UART1_Read_Text15
  L_end_UART1_Init
  _UART1_Init
  L_end_UART1_Data_Ready
  _UART1_Data_Ready
  L_end_UART1_Read
  _UART1_Read
  L_end_UART1_Tx_Idle
  _UART1_Tx_Idle
  L_end_UART1_Write
  _UART1_Write
  L_end_UART1_Write_Text
  _UART1_Write_Text
  L_end_UART1_Read_Text
  _UART1_Read_Text
